[01-15 19:43:37]: [INFO] SQLite driver loaded
[01-15 19:43:40]: [INFO] SQLite Setup finished
[01-15 19:43:40]: [INFO] Hooked into PermissionsEx!
[01-15 19:43:41]: [INFO] Hooked successfully into Essentials
[01-15 19:43:41]: [INFO] Essentials spawn file not found: 'C:\Users\Kirill\Desktop\Server1.8-1.10\plugins\Essentials\spawn.yml'
[01-15 19:43:42]: [INFO] Development builds are available on our jenkins, thanks to f14stelt.
[01-15 19:43:42]: [INFO] Do you want a good game server? Look at our sponsor GameHosting.it leader in Italy as Game Server Provider!
[01-15 19:43:42]: [INFO] AuthMe 5.2-SNAPSHOT build n°1296 correctly enabled!
[01-15 19:52:04]: [FINE] Fhavyre registered 25.43.30.71
[01-15 19:52:04]: [FINE] Fhavyre logged in!
[01-15 19:54:37]: [INFO] AuthMe 5.2-SNAPSHOT-b1296 disabled!
[01-15 20:00:09]: [INFO] SQLite driver loaded
[01-15 20:00:10]: [INFO] SQLite Setup finished
[01-15 20:00:12]: [INFO] Hooked into PermissionsEx!
[01-15 20:00:15]: [INFO] [LICENSE] This product uses data from the GeoLite API created by MaxMind, available at http://www.maxmind.com
[01-15 20:00:15]: [INFO] Hooked successfully into Essentials
[01-15 20:00:15]: [INFO] Essentials spawn file not found: 'C:\Users\Kirill\Desktop\Server1.8-1.10\plugins\Essentials\spawn.yml'
[01-15 20:00:18]: [INFO] Development builds are available on our jenkins, thanks to f14stelt.
[01-15 20:00:18]: [INFO] Do you want a good game server? Look at our sponsor GameHosting.it leader in Italy as Game Server Provider!
[01-15 20:00:18]: [INFO] AuthMe 5.2-SNAPSHOT build n°1296 correctly enabled!
[01-15 20:02:31]: [FINE] Fhavyre logged in!
[01-15 20:10:02]: [FINE] Fhavyre logged in!
[01-15 20:21:30]: [INFO] AuthMe 5.2-SNAPSHOT-b1296 disabled!
[01-15 20:23:30]: [INFO] SQLite driver loaded
[01-15 20:23:30]: [INFO] SQLite Setup finished
[01-15 20:23:30]: [INFO] Hooked into PermissionsEx!
[01-15 20:23:30]: [INFO] [LICENSE] This product uses data from the GeoLite API created by MaxMind, available at http://www.maxmind.com
[01-15 20:23:30]: [INFO] Hooked successfully into Essentials
[01-15 20:23:30]: [INFO] Essentials spawn file not found: 'C:\Users\Kirill\Desktop\Server1.8-1.10\plugins\Essentials\spawn.yml'
[01-15 20:23:31]: [INFO] Development builds are available on our jenkins, thanks to f14stelt.
[01-15 20:23:31]: [INFO] Do you want a good game server? Look at our sponsor GameHosting.it leader in Italy as Game Server Provider!
[01-15 20:23:31]: [INFO] AuthMe 5.2-SNAPSHOT build n°1296 correctly enabled!
[01-15 20:24:37]: [INFO] AuthMe 5.2-SNAPSHOT-b1296 disabled!
[01-15 20:26:02]: [INFO] SQLite driver loaded
[01-15 20:26:02]: [INFO] SQLite Setup finished
[01-15 20:26:02]: [INFO] Hooked into PermissionsEx!
[01-15 20:26:02]: [INFO] [LICENSE] This product uses data from the GeoLite API created by MaxMind, available at http://www.maxmind.com
[01-15 20:26:02]: [INFO] Hooked successfully into Essentials
[01-15 20:26:02]: [INFO] Essentials spawn file not found: 'C:\Users\Kirill\Desktop\Server1.8-1.10\plugins\Essentials\spawn.yml'
[01-15 20:26:03]: [INFO] Development builds are available on our jenkins, thanks to f14stelt.
[01-15 20:26:03]: [INFO] Do you want a good game server? Look at our sponsor GameHosting.it leader in Italy as Game Server Provider!
[01-15 20:26:03]: [INFO] AuthMe 5.2-SNAPSHOT build n°1296 correctly enabled!
[01-15 20:31:22]: [INFO] AuthMe 5.2-SNAPSHOT-b1296 disabled!
[01-15 20:32:50]: [INFO] SQLite driver loaded
[01-15 20:32:50]: [INFO] SQLite Setup finished
[01-15 20:32:51]: [INFO] Hooked into PermissionsEx!
[01-15 20:32:51]: [INFO] [LICENSE] This product uses data from the GeoLite API created by MaxMind, available at http://www.maxmind.com
[01-15 20:32:51]: [INFO] Hooked successfully into Essentials
[01-15 20:32:51]: [INFO] Essentials spawn file not found: 'C:\Users\Kirill\Desktop\Server1.8-1.10\plugins\Essentials\spawn.yml'
[01-15 20:32:51]: [INFO] Development builds are available on our jenkins, thanks to f14stelt.
[01-15 20:32:51]: [INFO] Do you want a good game server? Look at our sponsor GameHosting.it leader in Italy as Game Server Provider!
[01-15 20:32:51]: [INFO] AuthMe 5.2-SNAPSHOT build n°1296 correctly enabled!
[01-15 20:39:08]: [FINE] Fhavyre logged in!
[01-15 21:01:37]: [FINE] Fhavyre logged in!
[01-15 21:06:39]: [INFO] AuthMe 5.2-SNAPSHOT-b1296 disabled!
[01-15 21:08:18]: [INFO] SQLite driver loaded
[01-15 21:08:18]: [INFO] SQLite Setup finished
[01-15 21:08:18]: [INFO] Hooked into PermissionsEx!
[01-15 21:08:18]: [INFO] [LICENSE] This product uses data from the GeoLite API created by MaxMind, available at http://www.maxmind.com
[01-15 21:08:18]: [INFO] Hooked successfully into Essentials
[01-15 21:08:18]: [INFO] Essentials spawn file not found: 'C:\Users\Kirill\Desktop\Server1.8-1.10\plugins\Essentials\spawn.yml'
[01-15 21:08:19]: [INFO] Development builds are available on our jenkins, thanks to f14stelt.
[01-15 21:08:19]: [INFO] Do you want a good game server? Look at our sponsor GameHosting.it leader in Italy as Game Server Provider!
[01-15 21:08:19]: [INFO] AuthMe 5.2-SNAPSHOT build n°1296 correctly enabled!
[01-15 21:28:49]: [FINE] Fhavyre logged in!
[01-15 21:37:45]: [INFO] AuthMe 5.2-SNAPSHOT-b1296 disabled!
[01-15 21:39:30]: [INFO] SQLite driver loaded
[01-15 21:39:30]: [INFO] SQLite Setup finished
[01-15 21:39:31]: [INFO] Hooked into PermissionsEx!
[01-15 21:39:31]: [INFO] Hooked successfully into Essentials
[01-15 21:39:31]: [INFO] Essentials spawn file not found: 'C:\Users\Kirill\Desktop\Server1.8-1.10\plugins\Essentials\spawn.yml'
[01-15 21:39:31]: [INFO] [LICENSE] This product uses data from the GeoLite API created by MaxMind, available at http://www.maxmind.com
[01-15 21:39:32]: [INFO] Development builds are available on our jenkins, thanks to f14stelt.
[01-15 21:39:32]: [INFO] Do you want a good game server? Look at our sponsor GameHosting.it leader in Italy as Game Server Provider!
[01-15 21:39:32]: [INFO] AuthMe 5.2-SNAPSHOT build n°1296 correctly enabled!
[01-15 21:43:58]: [INFO] AuthMe 5.2-SNAPSHOT-b1296 disabled!
[01-15 21:45:38]: [INFO] SQLite driver loaded
[01-15 21:45:38]: [INFO] SQLite Setup finished
[01-15 21:45:38]: [INFO] Hooked into PermissionsEx!
[01-15 21:45:39]: [INFO] [LICENSE] This product uses data from the GeoLite API created by MaxMind, available at http://www.maxmind.com
[01-15 21:45:39]: [INFO] Hooked successfully into Essentials
[01-15 21:45:39]: [INFO] Essentials spawn file not found: 'C:\Users\Kirill\Desktop\Server1.8-1.10\plugins\Essentials\spawn.yml'
[01-15 21:45:39]: [INFO] Development builds are available on our jenkins, thanks to f14stelt.
[01-15 21:45:39]: [INFO] Do you want a good game server? Look at our sponsor GameHosting.it leader in Italy as Game Server Provider!
[01-15 21:45:39]: [INFO] AuthMe 5.2-SNAPSHOT build n°1296 correctly enabled!
[01-15 21:47:39]: [FINE] Fhavyre logged in!
[01-15 21:49:05]: [INFO] AuthMe 5.2-SNAPSHOT-b1296 disabled!
[01-15 21:50:13]: [INFO] SQLite driver loaded
[01-15 21:50:13]: [INFO] SQLite Setup finished
[01-15 21:50:14]: [INFO] Hooked into PermissionsEx!
[01-15 21:50:14]: [INFO] [LICENSE] This product uses data from the GeoLite API created by MaxMind, available at http://www.maxmind.com
[01-15 21:50:14]: [INFO] Hooked successfully into Essentials
[01-15 21:50:14]: [INFO] Essentials spawn file not found: 'C:\Users\Kirill\Desktop\Server1.8-1.10\plugins\Essentials\spawn.yml'
[01-15 21:50:15]: [INFO] Development builds are available on our jenkins, thanks to f14stelt.
[01-15 21:50:15]: [INFO] Do you want a good game server? Look at our sponsor GameHosting.it leader in Italy as Game Server Provider!
[01-15 21:50:15]: [INFO] AuthMe 5.2-SNAPSHOT build n°1296 correctly enabled!
[01-15 21:51:45]: [FINE] Fhavyre logged in!
[01-15 22:04:46]: [WARN] Error getting message with key 'denied_command'. Please verify your config file at 'messages_ru.yml'
[01-15 22:04:51]: [WARN] Error getting message with key 'denied_command'. Please verify your config file at 'messages_ru.yml'
[01-15 22:06:58]: [INFO] AuthMe 5.2-SNAPSHOT-b1296 disabled!
[01-15 22:08:43]: [INFO] SQLite driver loaded
[01-15 22:08:43]: [INFO] SQLite Setup finished
[01-15 22:08:44]: [INFO] Hooked into PermissionsEx!
[01-15 22:08:44]: [INFO] [LICENSE] This product uses data from the GeoLite API created by MaxMind, available at http://www.maxmind.com
[01-15 22:08:44]: [INFO] Hooked successfully into Essentials
[01-15 22:08:44]: [INFO] Essentials spawn file not found: 'C:\Users\Kirill\Desktop\Server1.8-1.10\plugins\Essentials\spawn.yml'
[01-15 22:08:45]: [INFO] Development builds are available on our jenkins, thanks to f14stelt.
[01-15 22:08:45]: [INFO] Do you want a good game server? Look at our sponsor GameHosting.it leader in Italy as Game Server Provider!
[01-15 22:08:45]: [INFO] AuthMe 5.2-SNAPSHOT build n°1296 correctly enabled!
[01-15 22:11:02]: [INFO] AuthMe 5.2-SNAPSHOT-b1296 disabled!
[01-15 22:12:00]: [INFO] SQLite driver loaded
[01-15 22:12:00]: [INFO] SQLite Setup finished
[01-15 22:12:00]: [INFO] Hooked into PermissionsEx!
[01-15 22:12:01]: [INFO] Hooked successfully into Essentials
[01-15 22:12:01]: [INFO] [LICENSE] This product uses data from the GeoLite API created by MaxMind, available at http://www.maxmind.com
[01-15 22:12:01]: [INFO] Essentials spawn file not found: 'C:\Users\Kirill\Desktop\Server1.8-1.10\plugins\Essentials\spawn.yml'
[01-15 22:12:01]: [INFO] Development builds are available on our jenkins, thanks to f14stelt.
[01-15 22:12:01]: [INFO] Do you want a good game server? Look at our sponsor GameHosting.it leader in Italy as Game Server Provider!
[01-15 22:12:01]: [INFO] AuthMe 5.2-SNAPSHOT build n°1296 correctly enabled!
[01-15 22:15:39]: [FINE] Fhavyre logged in!
[01-15 22:22:12]: [INFO] AuthMe 5.2-SNAPSHOT-b1296 disabled!
[01-15 22:23:33]: [INFO] SQLite driver loaded
[01-15 22:23:34]: [INFO] SQLite Setup finished
[01-15 22:23:34]: [INFO] Hooked into PermissionsEx!
[01-15 22:23:35]: [INFO] [LICENSE] This product uses data from the GeoLite API created by MaxMind, available at http://www.maxmind.com
[01-15 22:23:35]: [INFO] Hooked successfully into Essentials
[01-15 22:23:35]: [INFO] Essentials spawn file not found: 'C:\Users\Kirill\Desktop\Server1.8-1.10\plugins\Essentials\spawn.yml'
[01-15 22:23:36]: [INFO] Development builds are available on our jenkins, thanks to f14stelt.
[01-15 22:23:36]: [INFO] Do you want a good game server? Look at our sponsor GameHosting.it leader in Italy as Game Server Provider!
[01-15 22:23:36]: [INFO] AuthMe 5.2-SNAPSHOT build n°1296 correctly enabled!
[01-15 22:37:02]: [FINE] Fhavyre logged in!
[01-15 23:02:21]: [INFO] SQLite driver loaded
[01-15 23:02:21]: [INFO] SQLite Setup finished
[01-15 23:02:21]: [INFO] Hooked into PermissionsEx!
[01-15 23:02:22]: [INFO] [LICENSE] This product uses data from the GeoLite API created by MaxMind, available at http://www.maxmind.com
[01-15 23:02:22]: [INFO] Hooked successfully into Essentials
[01-15 23:02:22]: [INFO] Essentials spawn file not found: 'C:\Users\Kirill\Desktop\Server1.8-1.10\plugins\Essentials\spawn.yml'
[01-15 23:02:22]: [INFO] Development builds are available on our jenkins, thanks to f14stelt.
[01-15 23:02:22]: [INFO] Do you want a good game server? Look at our sponsor GameHosting.it leader in Italy as Game Server Provider!
[01-15 23:02:22]: [INFO] AuthMe 5.2-SNAPSHOT build n°1296 correctly enabled!
[01-15 23:05:05]: [FINE] Fhavyre logged in!
[01-15 23:14:37]: [INFO] AuthMe 5.2-SNAPSHOT-b1296 disabled!
[01-15 23:16:53]: [INFO] SQLite driver loaded
[01-15 23:16:54]: [INFO] SQLite Setup finished
[01-15 23:17:00]: [INFO] Hooked into PermissionsEx!
[01-15 23:17:01]: [INFO] [LICENSE] This product uses data from the GeoLite API created by MaxMind, available at http://www.maxmind.com
[01-15 23:17:02]: [INFO] Hooked successfully into Essentials
[01-15 23:17:02]: [INFO] Essentials spawn file not found: 'C:\Users\Kirill\Desktop\Server1.8-1.10\plugins\Essentials\spawn.yml'
[01-15 23:17:02]: [INFO] Development builds are available on our jenkins, thanks to f14stelt.
[01-15 23:17:02]: [INFO] Do you want a good game server? Look at our sponsor GameHosting.it leader in Italy as Game Server Provider!
[01-15 23:17:02]: [INFO] AuthMe 5.2-SNAPSHOT build n°1296 correctly enabled!
[01-15 23:21:39]: [INFO] AuthMe 5.2-SNAPSHOT-b1296 disabled!
[01-15 23:22:53]: [INFO] SQLite driver loaded
[01-15 23:22:53]: [INFO] SQLite Setup finished
[01-15 23:22:54]: [INFO] Hooked into PermissionsEx!
[01-15 23:22:54]: [INFO] Hooked successfully into Essentials
[01-15 23:22:54]: [INFO] Essentials spawn file not found: 'C:\Users\Kirill\Desktop\Server1.8-1.10\plugins\Essentials\spawn.yml'
[01-15 23:22:54]: [INFO] [LICENSE] This product uses data from the GeoLite API created by MaxMind, available at http://www.maxmind.com
[01-15 23:22:55]: [INFO] Development builds are available on our jenkins, thanks to f14stelt.
[01-15 23:22:55]: [INFO] Do you want a good game server? Look at our sponsor GameHosting.it leader in Italy as Game Server Provider!
[01-15 23:22:55]: [INFO] AuthMe 5.2-SNAPSHOT build n°1296 correctly enabled!
[01-15 23:24:53]: [WARN] Error getting message with key 'denied_command'. Please verify your config file at 'messages_ru.yml'
[01-15 23:29:57]: [INFO] AuthMe 5.2-SNAPSHOT-b1296 disabled!
[01-15 23:31:19]: [INFO] SQLite driver loaded
[01-15 23:31:19]: [INFO] SQLite Setup finished
[01-15 23:31:19]: [INFO] Hooked into PermissionsEx!
[01-15 23:31:20]: [INFO] [LICENSE] This product uses data from the GeoLite API created by MaxMind, available at http://www.maxmind.com
[01-15 23:31:20]: [INFO] Hooked successfully into Essentials
[01-15 23:31:20]: [INFO] Essentials spawn file not found: 'C:\Users\Kirill\Desktop\Server1.8-1.10\plugins\Essentials\spawn.yml'
[01-15 23:31:20]: [INFO] Development builds are available on our jenkins, thanks to f14stelt.
[01-15 23:31:20]: [INFO] Do you want a good game server? Look at our sponsor GameHosting.it leader in Italy as Game Server Provider!
[01-15 23:31:20]: [INFO] AuthMe 5.2-SNAPSHOT build n°1296 correctly enabled!
[01-15 23:32:39]: [FINE] Fhavyre logged in!
[01-15 23:41:18]: [INFO] SQLite driver loaded
[01-15 23:41:19]: [INFO] SQLite Setup finished
[01-15 23:41:19]: [INFO] Hooked into PermissionsEx!
[01-15 23:41:19]: [INFO] [LICENSE] This product uses data from the GeoLite API created by MaxMind, available at http://www.maxmind.com
[01-15 23:41:19]: [INFO] Hooked successfully into Essentials
[01-15 23:41:19]: [INFO] Essentials spawn file not found: 'C:\Users\Kirill\Desktop\Server1.8-1.10\plugins\Essentials\spawn.yml'
[01-15 23:41:20]: [INFO] Development builds are available on our jenkins, thanks to f14stelt.
[01-15 23:41:20]: [INFO] Do you want a good game server? Look at our sponsor GameHosting.it leader in Italy as Game Server Provider!
[01-15 23:41:20]: [INFO] AuthMe 5.2-SNAPSHOT build n°1296 correctly enabled!
[01-15 23:43:13]: [FINE] Fhavyre logged in!
[01-16 00:16:48]: [FINE] Fhavyre logged in!
[01-16 00:21:28]: [INFO] AuthMe 5.2-SNAPSHOT-b1296 disabled!
[01-16 00:23:34]: [INFO] SQLite driver loaded
[01-16 00:23:34]: [INFO] SQLite Setup finished
[01-16 00:23:34]: [INFO] Hooked into PermissionsEx!
[01-16 00:23:35]: [INFO] [LICENSE] This product uses data from the GeoLite API created by MaxMind, available at http://www.maxmind.com
[01-16 00:23:35]: [INFO] Hooked successfully into Essentials
[01-16 00:23:35]: [INFO] Essentials spawn file not found: 'C:\Users\Kirill\Desktop\Server1.8-1.10\plugins\Essentials\spawn.yml'
[01-16 00:23:36]: [INFO] Development builds are available on our jenkins, thanks to f14stelt.
[01-16 00:23:36]: [INFO] Do you want a good game server? Look at our sponsor GameHosting.it leader in Italy as Game Server Provider!
[01-16 00:23:36]: [INFO] AuthMe 5.2-SNAPSHOT build n°1296 correctly enabled!
[01-16 00:32:08]: [INFO] AuthMe 5.2-SNAPSHOT-b1296 disabled!
[01-16 01:15:55]: [INFO] SQLite driver loaded
[01-16 01:15:56]: [INFO] SQLite Setup finished
[01-16 01:15:56]: [INFO] Hooked into PermissionsEx!
[01-16 01:15:56]: [INFO] [LICENSE] This product uses data from the GeoLite API created by MaxMind, available at http://www.maxmind.com
[01-16 01:15:56]: [INFO] Hooked successfully into Essentials
[01-16 01:15:56]: [INFO] Essentials spawn file not found: 'C:\Users\Kirill\Desktop\Server1.8-1.10\plugins\Essentials\spawn.yml'
[01-16 01:15:57]: [INFO] Development builds are available on our jenkins, thanks to f14stelt.
[01-16 01:15:57]: [INFO] Do you want a good game server? Look at our sponsor GameHosting.it leader in Italy as Game Server Provider!
[01-16 01:15:57]: [INFO] AuthMe 5.2-SNAPSHOT build n°1296 correctly enabled!
[01-16 01:31:24]: [INFO] SQLite driver loaded
[01-16 01:31:24]: [INFO] SQLite Setup finished
[01-16 01:31:25]: [INFO] Hooked into PermissionsEx!
[01-16 01:31:25]: [INFO] Hooked successfully into Essentials
[01-16 01:31:25]: [INFO] Essentials spawn file not found: 'C:\Users\Kirill\Desktop\Server1.8-1.10\plugins\Essentials\spawn.yml'
[01-16 01:31:25]: [INFO] [LICENSE] This product uses data from the GeoLite API created by MaxMind, available at http://www.maxmind.com
[01-16 01:31:27]: [INFO] Development builds are available on our jenkins, thanks to f14stelt.
[01-16 01:31:27]: [INFO] Do you want a good game server? Look at our sponsor GameHosting.it leader in Italy as Game Server Provider!
[01-16 01:31:27]: [INFO] AuthMe 5.2-SNAPSHOT build n°1296 correctly enabled!
[01-16 01:33:39]: [FINE] Fhavyre logged in!
[01-16 01:43:15]: [INFO] SQLite driver loaded
[01-16 01:43:15]: [INFO] SQLite Setup finished
[01-16 01:43:15]: [INFO] Hooked into PermissionsEx!
[01-16 01:43:15]: [INFO] [LICENSE] This product uses data from the GeoLite API created by MaxMind, available at http://www.maxmind.com
[01-16 01:43:16]: [INFO] Hooked successfully into Essentials
[01-16 01:43:16]: [INFO] Essentials spawn file not found: 'C:\Users\Kirill\Desktop\Server1.8-1.10\plugins\Essentials\spawn.yml'
[01-16 01:43:16]: [INFO] Development builds are available on our jenkins, thanks to f14stelt.
[01-16 01:43:16]: [INFO] Do you want a good game server? Look at our sponsor GameHosting.it leader in Italy as Game Server Provider!
[01-16 01:43:16]: [INFO] AuthMe 5.2-SNAPSHOT build n°1296 correctly enabled!
[01-16 01:57:17]: [FINE] Fhavyre logged in!
[01-16 02:03:52]: [INFO] AuthMe 5.2-SNAPSHOT-b1296 disabled!
[01-16 02:07:52]: [INFO] SQLite driver loaded
[01-16 02:07:52]: [INFO] SQLite Setup finished
[01-16 02:07:53]: [INFO] Hooked into PermissionsEx!
[01-16 02:07:53]: [INFO] Hooked successfully into Essentials
[01-16 02:07:53]: [INFO] Essentials spawn file not found: 'C:\Users\Kirill\Desktop\Server1.8-1.10\plugins\Essentials\spawn.yml'
[01-16 02:07:54]: [INFO] [LICENSE] This product uses data from the GeoLite API created by MaxMind, available at http://www.maxmind.com
[01-16 02:07:55]: [INFO] Development builds are available on our jenkins, thanks to f14stelt.
[01-16 02:07:55]: [INFO] Do you want a good game server? Look at our sponsor GameHosting.it leader in Italy as Game Server Provider!
[01-16 02:07:55]: [INFO] AuthMe 5.2-SNAPSHOT build n°1296 correctly enabled!
[01-16 02:08:56]: [FINE] Fhavyre logged in!
[01-16 02:11:53]: [INFO] AuthMe 5.2-SNAPSHOT-b1296 disabled!
[01-16 02:14:57]: [INFO] SQLite driver loaded
[01-16 02:14:57]: [INFO] SQLite Setup finished
[01-16 02:14:58]: [INFO] Hooked into PermissionsEx!
[01-16 02:14:59]: [INFO] [LICENSE] This product uses data from the GeoLite API created by MaxMind, available at http://www.maxmind.com
[01-16 02:14:59]: [INFO] Hooked successfully into Essentials
[01-16 02:14:59]: [INFO] Essentials spawn file not found: 'C:\Users\Kirill\Desktop\Server1.8-1.10\plugins\Essentials\spawn.yml'
[01-16 02:15:00]: [INFO] Development builds are available on our jenkins, thanks to f14stelt.
[01-16 02:15:00]: [INFO] Do you want a good game server? Look at our sponsor GameHosting.it leader in Italy as Game Server Provider!
[01-16 02:15:00]: [INFO] AuthMe 5.2-SNAPSHOT build n°1296 correctly enabled!
[01-16 02:16:24]: [FINE] Fhavyre logged in!
[01-16 02:23:07]: [INFO] SQLite driver loaded
[01-16 02:23:07]: [INFO] SQLite Setup finished
[01-16 02:23:07]: [INFO] Hooked into PermissionsEx!
[01-16 02:23:08]: [INFO] [LICENSE] This product uses data from the GeoLite API created by MaxMind, available at http://www.maxmind.com
[01-16 02:23:08]: [INFO] Hooked successfully into Essentials
[01-16 02:23:08]: [INFO] Essentials spawn file not found: 'C:\Users\Kirill\Desktop\Server1.8-1.10\plugins\Essentials\spawn.yml'
[01-16 02:23:09]: [INFO] Development builds are available on our jenkins, thanks to f14stelt.
[01-16 02:23:09]: [INFO] Do you want a good game server? Look at our sponsor GameHosting.it leader in Italy as Game Server Provider!
[01-16 02:23:09]: [INFO] AuthMe 5.2-SNAPSHOT build n°1296 correctly enabled!
[01-16 02:23:59]: [FINE] Fhavyre logged in!
[01-16 02:57:09]: [INFO] SQLite driver loaded
[01-16 02:57:09]: [INFO] SQLite Setup finished
[01-16 02:57:09]: [INFO] Hooked into PermissionsEx!
[01-16 02:57:10]: [INFO] [LICENSE] This product uses data from the GeoLite API created by MaxMind, available at http://www.maxmind.com
[01-16 02:57:10]: [INFO] Hooked successfully into Essentials
[01-16 02:57:10]: [INFO] Development builds are available on our jenkins, thanks to f14stelt.
[01-16 02:57:10]: [INFO] Do you want a good game server? Look at our sponsor GameHosting.it leader in Italy as Game Server Provider!
[01-16 02:57:10]: [INFO] AuthMe 5.2-SNAPSHOT build n°1296 correctly enabled!
[01-16 02:59:05]: [FINE] Fhavyre logged in!
[01-16 03:01:00]: [INFO] AuthMe 5.2-SNAPSHOT-b1296 disabled!
[01-16 03:02:51]: [INFO] SQLite driver loaded
[01-16 03:02:51]: [INFO] SQLite Setup finished
[01-16 03:02:51]: [INFO] Hooked into PermissionsEx!
[01-16 03:02:51]: [INFO] Hooked successfully into Essentials
[01-16 03:02:51]: [INFO] [LICENSE] This product uses data from the GeoLite API created by MaxMind, available at http://www.maxmind.com
[01-16 03:02:52]: [INFO] Development builds are available on our jenkins, thanks to f14stelt.
[01-16 03:02:52]: [INFO] Do you want a good game server? Look at our sponsor GameHosting.it leader in Italy as Game Server Provider!
[01-16 03:02:52]: [INFO] AuthMe 5.2-SNAPSHOT build n°1296 correctly enabled!
[01-16 03:09:46]: [INFO] AuthMe 5.2-SNAPSHOT-b1296 disabled!
[01-16 12:09:03]: [INFO] SQLite driver loaded
[01-16 12:09:03]: [INFO] SQLite Setup finished
[01-16 12:09:03]: [INFO] Hooked into PermissionsEx!
[01-16 12:09:03]: [INFO] Hooked successfully into Essentials
[01-16 12:09:03]: [INFO] [LICENSE] This product uses data from the GeoLite API created by MaxMind, available at http://www.maxmind.com
[01-16 12:09:04]: [INFO] Development builds are available on our jenkins, thanks to f14stelt.
[01-16 12:09:04]: [INFO] Do you want a good game server? Look at our sponsor GameHosting.it leader in Italy as Game Server Provider!
[01-16 12:09:04]: [INFO] AuthMe 5.2-SNAPSHOT build n°1296 correctly enabled!
[01-16 12:11:26]: [INFO] AuthMe 5.2-SNAPSHOT-b1296 disabled!
[01-16 12:12:07]: [INFO] SQLite driver loaded
[01-16 12:12:07]: [INFO] SQLite Setup finished
[01-16 12:12:07]: [INFO] Hooked into PermissionsEx!
[01-16 12:12:07]: [INFO] [LICENSE] This product uses data from the GeoLite API created by MaxMind, available at http://www.maxmind.com
[01-16 12:12:07]: [INFO] Hooked successfully into Essentials
[01-16 12:12:08]: [INFO] Development builds are available on our jenkins, thanks to f14stelt.
[01-16 12:12:08]: [INFO] Do you want a good game server? Look at our sponsor GameHosting.it leader in Italy as Game Server Provider!
[01-16 12:12:08]: [INFO] AuthMe 5.2-SNAPSHOT build n°1296 correctly enabled!
[01-16 12:14:44]: [FINE] kiril2548 registered 25.43.30.71
[01-16 12:14:44]: [FINE] kiril2548 logged in!
[01-16 12:23:37]: [INFO] AuthMe 5.2-SNAPSHOT-b1296 disabled!
[01-16 13:27:28]: [INFO] SQLite driver loaded
[01-16 13:27:29]: [INFO] SQLite Setup finished
[01-16 13:27:29]: [INFO] Hooked into PermissionsEx!
[01-16 13:27:29]: [INFO] [LICENSE] This product uses data from the GeoLite API created by MaxMind, available at http://www.maxmind.com
[01-16 13:27:29]: [INFO] Hooked successfully into Essentials
[01-16 13:27:30]: [INFO] Development builds are available on our jenkins, thanks to f14stelt.
[01-16 13:27:30]: [INFO] Do you want a good game server? Look at our sponsor GameHosting.it leader in Italy as Game Server Provider!
[01-16 13:27:30]: [INFO] AuthMe 5.2-SNAPSHOT build n°1296 correctly enabled!
[01-16 13:28:08]: [FINE] kiril2548 logged in!
[01-16 13:32:27]: [INFO] AuthMe 5.2-SNAPSHOT-b1296 disabled!
[01-16 13:33:07]: [INFO] SQLite driver loaded
[01-16 13:33:08]: [INFO] SQLite Setup finished
[01-16 13:33:08]: [INFO] Hooked into PermissionsEx!
[01-16 13:33:08]: [INFO] [LICENSE] This product uses data from the GeoLite API created by MaxMind, available at http://www.maxmind.com
[01-16 13:33:08]: [INFO] Hooked successfully into Essentials
[01-16 13:33:08]: [INFO] Development builds are available on our jenkins, thanks to f14stelt.
[01-16 13:33:08]: [INFO] Do you want a good game server? Look at our sponsor GameHosting.it leader in Italy as Game Server Provider!
[01-16 13:33:08]: [INFO] AuthMe 5.2-SNAPSHOT build n°1296 correctly enabled!
[01-16 13:33:43]: [FINE] kiril2548 logged in!
[01-16 13:37:45]: [INFO] AuthMe 5.2-SNAPSHOT-b1296 disabled!
[01-16 13:38:22]: [INFO] SQLite driver loaded
[01-16 13:38:22]: [INFO] SQLite Setup finished
[01-16 13:38:23]: [INFO] Hooked into PermissionsEx!
[01-16 13:38:23]: [INFO] [LICENSE] This product uses data from the GeoLite API created by MaxMind, available at http://www.maxmind.com
[01-16 13:38:23]: [INFO] Hooked successfully into Essentials
[01-16 13:38:23]: [INFO] Development builds are available on our jenkins, thanks to f14stelt.
[01-16 13:38:23]: [INFO] Do you want a good game server? Look at our sponsor GameHosting.it leader in Italy as Game Server Provider!
[01-16 13:38:23]: [INFO] AuthMe 5.2-SNAPSHOT build n°1296 correctly enabled!
[01-16 13:39:06]: [FINE] kiril2548 used the wrong password
[01-16 13:39:18]: [FINE] kiril2548 logged in!
[01-16 13:39:19]: [FINE] kiril2548 logged in!
[01-16 14:40:05]: [FINE] Fhavyre logged in!
[01-16 14:47:54]: [INFO] SQLite driver loaded
[01-16 14:47:54]: [INFO] SQLite Setup finished
[01-16 14:47:55]: [INFO] Hooked into PermissionsEx!
[01-16 14:47:57]: [INFO] [LICENSE] This product uses data from the GeoLite API created by MaxMind, available at http://www.maxmind.com
[01-16 14:47:57]: [INFO] Hooked successfully into Essentials
[01-16 14:47:58]: [INFO] Development builds are available on our jenkins, thanks to f14stelt.
[01-16 14:47:58]: [INFO] Do you want a good game server? Look at our sponsor GameHosting.it leader in Italy as Game Server Provider!
[01-16 14:47:58]: [INFO] AuthMe 5.2-SNAPSHOT build n°1296 correctly enabled!
[01-16 14:49:01]: [FINE] kiril2548 logged in!
[01-16 15:23:54]: [INFO] AuthMe 5.2-SNAPSHOT-b1296 disabled!
[01-16 15:24:25]: [INFO] SQLite driver loaded
[01-16 15:24:25]: [INFO] SQLite Setup finished
[01-16 15:24:25]: [INFO] Hooked into PermissionsEx!
[01-16 15:24:26]: [INFO] Hooked successfully into Essentials
[01-16 15:24:26]: [INFO] [LICENSE] This product uses data from the GeoLite API created by MaxMind, available at http://www.maxmind.com
[01-16 15:24:26]: [INFO] Development builds are available on our jenkins, thanks to f14stelt.
[01-16 15:24:26]: [INFO] Do you want a good game server? Look at our sponsor GameHosting.it leader in Italy as Game Server Provider!
[01-16 15:24:26]: [INFO] AuthMe 5.2-SNAPSHOT build n°1296 correctly enabled!
[01-16 15:41:39]: [FINE] kiril2548 used the wrong password
[01-16 15:41:53]: [FINE] kiril2548 logged in!
[01-16 16:21:54]: [INFO] AuthMe 5.2-SNAPSHOT-b1296 disabled!
[01-16 16:22:42]: [INFO] SQLite driver loaded
[01-16 16:22:42]: [INFO] SQLite Setup finished
[01-16 16:22:42]: [INFO] Hooked into PermissionsEx!
[01-16 16:22:43]: [INFO] [LICENSE] This product uses data from the GeoLite API created by MaxMind, available at http://www.maxmind.com
[01-16 16:22:43]: [INFO] Hooked successfully into Essentials
[01-16 16:22:43]: [INFO] Development builds are available on our jenkins, thanks to f14stelt.
[01-16 16:22:43]: [INFO] Do you want a good game server? Look at our sponsor GameHosting.it leader in Italy as Game Server Provider!
[01-16 16:22:43]: [INFO] AuthMe 5.2-SNAPSHOT build n°1296 correctly enabled!
[01-16 16:23:17]: [FINE] kiril2548 used the wrong password
[01-16 16:23:32]: [FINE] kiril2548 used the wrong password
[01-16 16:23:45]: [FINE] kiril2548 logged in!
[01-16 16:26:27]: [INFO] AuthMe 5.2-SNAPSHOT-b1296 disabled!
[01-16 16:27:15]: [INFO] SQLite driver loaded
[01-16 16:27:15]: [INFO] SQLite Setup finished
[01-16 16:27:15]: [INFO] Hooked into PermissionsEx!
[01-16 16:27:16]: [INFO] [LICENSE] This product uses data from the GeoLite API created by MaxMind, available at http://www.maxmind.com
[01-16 16:27:16]: [INFO] Hooked successfully into Essentials
[01-16 16:27:16]: [INFO] Development builds are available on our jenkins, thanks to f14stelt.
[01-16 16:27:16]: [INFO] Do you want a good game server? Look at our sponsor GameHosting.it leader in Italy as Game Server Provider!
[01-16 16:27:16]: [INFO] AuthMe 5.2-SNAPSHOT build n°1296 correctly enabled!
[01-16 16:27:42]: [FINE] kiril2548 logged in!
[01-16 16:29:47]: [INFO] AuthMe 5.2-SNAPSHOT-b1296 disabled!
[01-16 16:49:38]: [INFO] SQLite driver loaded
[01-16 16:49:39]: [INFO] SQLite Setup finished
[01-16 16:49:39]: [INFO] Hooked into PermissionsEx!
[01-16 16:49:40]: [INFO] [LICENSE] This product uses data from the GeoLite API created by MaxMind, available at http://www.maxmind.com
[01-16 16:49:40]: [INFO] Hooked successfully into Essentials
[01-16 16:49:40]: [INFO] Development builds are available on our jenkins, thanks to f14stelt.
[01-16 16:49:40]: [INFO] Do you want a good game server? Look at our sponsor GameHosting.it leader in Italy as Game Server Provider!
[01-16 16:49:40]: [INFO] AuthMe 5.2-SNAPSHOT build n°1296 correctly enabled!
[01-16 16:50:32]: [FINE] kiril2548 used the wrong password
[01-16 17:02:21]: [INFO] SQLite driver loaded
[01-16 17:02:22]: [INFO] SQLite Setup finished
[01-16 17:02:22]: [INFO] Hooked into PermissionsEx!
[01-16 17:02:22]: [INFO] [LICENSE] This product uses data from the GeoLite API created by MaxMind, available at http://www.maxmind.com
[01-16 17:02:22]: [INFO] Hooked successfully into Essentials
[01-16 17:02:22]: [INFO] Development builds are available on our jenkins, thanks to f14stelt.
[01-16 17:02:22]: [INFO] Do you want a good game server? Look at our sponsor GameHosting.it leader in Italy as Game Server Provider!
[01-16 17:02:22]: [INFO] AuthMe 5.2-SNAPSHOT build n°1296 correctly enabled!
[01-16 17:02:50]: [FINE] kiril2548 used the wrong password
[01-16 17:03:02]: [FINE] kiril2548 used the wrong password
[01-16 17:03:18]: [FINE] kiril2548 logged in!
[01-16 17:04:48]: [INFO] AuthMe 5.2-SNAPSHOT-b1296 disabled!
[Jan 16, 2017, 17:8:18] Hook with Essentials plugin
[Jan 16, 2017, 17:8:18] Hook with EssentialsSpawn plugin
[Jan 16, 2017, 17:8:18] SQLite Setup finished
[Jan 16, 2017, 17:8:18] SQLite driver loaded
[Jan 16, 2017, 17:8:18] Vault plugin detected, hook with PermissionsEx system
[Jan 16, 2017, 17:8:56] kiril2548 logged in!
[Jan 16, 2017, 17:10:9] zLane registered 25.46.241.207
[Jan 16, 2017, 17:20:58] Hook with EssentialsSpawn plugin
[Jan 16, 2017, 17:20:58] SQLite Setup finished
[Jan 16, 2017, 17:20:58] Hook with Essentials plugin
[Jan 16, 2017, 17:20:58] SQLite driver loaded
[Jan 16, 2017, 17:20:58] Vault plugin detected, hook with PermissionsEx system
[Jan 16, 2017, 17:21:23] kiril2548 logged in!
[Jan 16, 2017, 17:21:35] zLane logged in!
[Jan 16, 2017, 18:23:1] SQLite driver loaded
[Jan 16, 2017, 18:23:1] Hook with Essentials plugin
[Jan 16, 2017, 18:23:1] Vault plugin detected, hook with PermissionsEx system
[Jan 16, 2017, 18:23:1] Hook with EssentialsSpawn plugin
[Jan 16, 2017, 18:23:1] SQLite Setup finished
[Jan 16, 2017, 18:23:29] zLane logged in!
[Jan 16, 2017, 18:24:4] kiril2548 used the wrong password
[Jan 16, 2017, 18:24:20] kiril2548 logged in!
[Jan 16, 2017, 19:15:38] kiril2548 logged in!
[Jan 16, 2017, 19:46:15] SQLite Setup finished
[Jan 16, 2017, 19:46:15] Vault plugin detected, hook with PermissionsEx system
[Jan 16, 2017, 19:46:15] Hook with EssentialsSpawn plugin
[Jan 16, 2017, 19:46:15] ERROR : Please Update your ChestShop version!
[Jan 16, 2017, 19:46:15] Hook with Essentials plugin
[Jan 16, 2017, 19:46:15] SQLite driver loaded
[Jan 16, 2017, 19:46:36] kiril2548 logged in!
[Jan 16, 2017, 19:47:38] zLane logged in!
[Jan 16, 2017, 20:24:9] Hook with EssentialsSpawn plugin
[Jan 16, 2017, 20:24:9] ERROR : Please Update your ChestShop version!
[Jan 16, 2017, 20:24:9] SQLite driver loaded
[Jan 16, 2017, 20:24:9] SQLite Setup finished
[Jan 16, 2017, 20:24:9] Vault plugin detected, hook with PermissionsEx system
[Jan 16, 2017, 20:24:9] Hook with Essentials plugin
[Jan 16, 2017, 20:24:51] kiril2548 logged in!
[Jan 16, 2017, 20:25:6] zLane logged in!
[Jan 16, 2017, 20:33:4] SQLite driver loaded
[Jan 16, 2017, 20:33:4] SQLite Setup finished
[Jan 16, 2017, 20:33:4] Hook with Essentials plugin
[Jan 16, 2017, 20:33:4] Vault plugin detected, hook with PermissionsEx system
[Jan 16, 2017, 20:33:4] Hook with EssentialsSpawn plugin
[Jan 16, 2017, 20:33:4] ERROR : Please Update your ChestShop version!
[Jan 16, 2017, 20:33:35] kiril2548 logged in!
[Jan 16, 2017, 20:34:59] zLane logged in!
[Jan 16, 2017, 20:54:56] SQLite Setup finished
[Jan 16, 2017, 20:54:56] Hook with Essentials plugin
[Jan 16, 2017, 20:54:56] SQLite driver loaded
[Jan 16, 2017, 20:54:56] Hook with EssentialsSpawn plugin
[Jan 16, 2017, 20:54:56] Vault plugin detected, hook with PermissionsEx system
[Jan 16, 2017, 20:54:56] ERROR : Please Update your ChestShop version!
[Jan 16, 2017, 20:56:19] kiril2548 logged in!
[Jan 16, 2017, 20:59:52] Hook with EssentialsSpawn plugin
[Jan 16, 2017, 20:59:52] Vault plugin detected, hook with PermissionsEx system
[Jan 16, 2017, 20:59:53] SQLite Setup finished
[Jan 16, 2017, 20:59:52] ERROR : Please Update your ChestShop version!
[Jan 16, 2017, 20:59:52] Hook with Essentials plugin
[Jan 16, 2017, 20:59:52] SQLite driver loaded
[Jan 16, 2017, 21:0:24] kiril2548 logged in!
[Jan 16, 2017, 21:3:17] SQLite Setup finished
[Jan 16, 2017, 21:3:17] ERROR : Please Update your ChestShop version!
[Jan 16, 2017, 21:3:17] Vault plugin detected, hook with PermissionsEx system
[Jan 16, 2017, 21:3:17] Hook with EssentialsSpawn plugin
[Jan 16, 2017, 21:3:17] Hook with Essentials plugin
[Jan 16, 2017, 21:3:17] SQLite driver loaded
[Jan 16, 2017, 21:3:40] kiril2548 logged in!
[Jan 16, 2017, 21:6:44] Vault plugin detected, hook with PermissionsEx system
[Jan 16, 2017, 21:6:44] SQLite Setup finished
[Jan 16, 2017, 21:6:44] Hook with EssentialsSpawn plugin
[Jan 16, 2017, 21:6:44] ERROR : Please Update your ChestShop version!
[Jan 16, 2017, 21:6:44] Hook with Essentials plugin
[Jan 16, 2017, 21:6:44] SQLite driver loaded
[Jan 16, 2017, 21:7:1] kiril2548 logged in!
[Jan 16, 2017, 21:21:5] SQLite Setup finished
[Jan 16, 2017, 21:21:5] SQLite driver loaded
[Jan 16, 2017, 21:21:5] Hook with Essentials plugin
[Jan 16, 2017, 21:21:5] ERROR : Please Update your ChestShop version!
[Jan 16, 2017, 21:21:5] Hook with EssentialsSpawn plugin
[Jan 16, 2017, 21:21:5] Vault plugin detected, hook with PermissionsEx system
[Jan 16, 2017, 21:22:1] SQLite Setup finished
[Jan 16, 2017, 21:22:1] Hook with Essentials plugin
[Jan 16, 2017, 21:22:1] SQLite driver loaded
[Jan 16, 2017, 21:22:1] Vault plugin detected, hook with PermissionsEx system
[Jan 16, 2017, 21:22:1] ERROR : Please Update your ChestShop version!
[Jan 16, 2017, 21:22:1] Hook with EssentialsSpawn plugin
[Jan 16, 2017, 21:27:42] SQLite Setup finished
[Jan 16, 2017, 21:27:42] Hook with Essentials plugin
[Jan 16, 2017, 21:27:42] SQLite driver loaded
[Jan 16, 2017, 21:27:42] Hook with EssentialsSpawn plugin
[Jan 16, 2017, 21:27:42] ERROR : Please Update your ChestShop version!
[Jan 16, 2017, 21:27:42] Vault plugin detected, hook with PermissionsEx system
[Jan 16, 2017, 21:29:44] SQLite Setup finished
[Jan 16, 2017, 21:29:44] Hook with Essentials plugin
[Jan 16, 2017, 21:29:44] SQLite driver loaded
[Jan 16, 2017, 21:29:44] Hook with EssentialsSpawn plugin
[Jan 16, 2017, 21:29:44] Vault plugin detected, hook with PermissionsEx system
[Jan 16, 2017, 21:29:44] ERROR : Please Update your ChestShop version!
[Jan 16, 2017, 21:31:2] SQLite driver loaded
[Jan 16, 2017, 21:31:2] SQLite Setup finished
[Jan 16, 2017, 21:31:2] Hook with Essentials plugin
[Jan 16, 2017, 21:31:2] Hook with EssentialsSpawn plugin
[Jan 16, 2017, 21:31:2] ERROR : Please Update your ChestShop version!
[Jan 16, 2017, 21:31:2] Vault plugin detected, hook with PermissionsEx system
[Jan 16, 2017, 21:32:17] kiril2548 logged in!
[Jan 16, 2017, 21:34:14] Hook with Essentials plugin
[Jan 16, 2017, 21:34:14] SQLite Setup finished
[Jan 16, 2017, 21:34:14] SQLite driver loaded
[Jan 16, 2017, 21:34:14] Vault plugin detected, hook with PermissionsEx system
[Jan 16, 2017, 21:34:14] Hook with EssentialsSpawn plugin
[Jan 16, 2017, 21:34:14] ERROR : Please Update your ChestShop version!
[Jan 16, 2017, 21:34:34] kiril2548 used the wrong password
[Jan 16, 2017, 21:34:56] kiril2548 logged in!
[Jan 17, 2017, 14:16:10] ERROR : Please Update your ChestShop version!
[Jan 17, 2017, 14:16:10] Hook with EssentialsSpawn plugin
[Jan 17, 2017, 14:16:10] SQLite Setup finished
[Jan 17, 2017, 14:16:10] SQLite driver loaded
[Jan 17, 2017, 14:16:10] Hook with Essentials plugin
[Jan 17, 2017, 14:16:10] Vault plugin detected, hook with PermissionsEx system
[Jan 17, 2017, 14:17:26] Fhavyre used the wrong password
[Jan 17, 2017, 14:17:41] Fhavyre logged in!
[Jan 17, 2017, 14:19:35] Fhavyre logged in!
[Jan 17, 2017, 14:23:45] Hook with Essentials plugin
[Jan 17, 2017, 14:23:45] SQLite Setup finished
[Jan 17, 2017, 14:23:45] SQLite driver loaded
[Jan 17, 2017, 14:23:45] ERROR : Please Update your ChestShop version!
[Jan 17, 2017, 14:23:45] Vault plugin detected, hook with PermissionsEx system
[Jan 17, 2017, 14:23:45] Hook with EssentialsSpawn plugin
[Jan 17, 2017, 14:24:14] Fhavyre logged in!
[Jan 17, 2017, 14:24:29] Fhavyre logged out
[Jan 17, 2017, 14:24:34] Fhavyre logged in!
[Jan 17, 2017, 14:31:0] Fhavyre logged in!
[Jan 17, 2017, 14:39:4] SQLite Setup finished
[Jan 17, 2017, 14:39:4] SQLite driver loaded
[Jan 17, 2017, 14:39:4] Hook with Essentials plugin
[Jan 17, 2017, 14:39:4] Hook with EssentialsSpawn plugin
[Jan 17, 2017, 14:39:4] Vault plugin detected, hook with PermissionsEx system
[Jan 17, 2017, 14:39:4] ERROR : Please Update your ChestShop version!
[Jan 17, 2017, 14:44:43] Fhavyre logged in!
[Jan 17, 2017, 14:47:23] SQLite Setup finished
[Jan 17, 2017, 14:47:23] Hook with Essentials plugin
[Jan 17, 2017, 14:47:23] SQLite driver loaded
[Jan 17, 2017, 14:47:23] ERROR : Please Update your ChestShop version!
[Jan 17, 2017, 14:47:23] Vault plugin detected, hook with PermissionsEx system
[Jan 17, 2017, 14:47:23] Hook with EssentialsSpawn plugin
[Jan 17, 2017, 14:48:2] Fhavyre logged in!
[Jan 17, 2017, 14:52:6] SQLite driver loaded
[Jan 17, 2017, 14:52:6] SQLite Setup finished
[Jan 17, 2017, 14:52:6] Hook with Essentials plugin
[Jan 17, 2017, 14:52:6] Vault plugin detected, hook with PermissionsEx system
[Jan 17, 2017, 14:52:6] ERROR : Please Update your ChestShop version!
[Jan 17, 2017, 14:52:6] Hook with EssentialsSpawn plugin
[Jan 17, 2017, 14:53:6] Fhavyre logged in!
[Jan 17, 2017, 14:55:17] SQLite Setup finished
[Jan 17, 2017, 14:55:17] SQLite driver loaded
[Jan 17, 2017, 14:55:17] Hook with Essentials plugin
[Jan 17, 2017, 14:55:17] Hook with EssentialsSpawn plugin
[Jan 17, 2017, 14:55:17] Vault plugin detected, hook with PermissionsEx system
[Jan 17, 2017, 14:55:17] ERROR : Please Update your ChestShop version!
[Jan 17, 2017, 14:55:47] Fhavyre logged in!
[Jan 17, 2017, 14:57:8] SQLite driver loaded
[Jan 17, 2017, 14:57:8] SQLite Setup finished
[Jan 17, 2017, 14:57:8] Hook with Essentials plugin
[Jan 17, 2017, 14:57:8] Vault plugin detected, hook with PermissionsEx system
[Jan 17, 2017, 14:57:8] ERROR : Please Update your ChestShop version!
[Jan 17, 2017, 14:57:8] Hook with EssentialsSpawn plugin
[Jan 17, 2017, 14:57:30] Fhavyre logged in!
[Jan 17, 2017, 17:0:13] zLane logged in!
[Jan 17, 2017, 22:4:33] zLane logged in!
[Jan 18, 2017, 0:43:35] Fhavyre logged in!
[Jan 18, 2017, 0:54:31] ERROR : Please Update your ChestShop version!
[Jan 18, 2017, 0:54:31] SQLite driver loaded
[Jan 18, 2017, 0:54:31] Hook with EssentialsSpawn plugin
[Jan 18, 2017, 0:54:31] SQLite Setup finished
[Jan 18, 2017, 0:54:31] Vault plugin detected, hook with PermissionsEx system
[Jan 18, 2017, 0:54:31] Hook with Essentials plugin
[Jan 18, 2017, 0:55:31] Fhavyre logged in!
[Jan 18, 2017, 1:47:39] SQLite Setup finished
[Jan 18, 2017, 1:47:39] Hook with Essentials plugin
[Jan 18, 2017, 1:47:39] SQLite driver loaded
[Jan 18, 2017, 1:47:39] ERROR : Please Update your ChestShop version!
[Jan 18, 2017, 1:47:39] Vault plugin detected, hook with PermissionsEx system
[Jan 18, 2017, 1:47:39] Hook with EssentialsSpawn plugin
[Jan 18, 2017, 1:50:6] Fhavyre logged in!
[Jan 18, 2017, 11:11:33] SQLite driver loaded
[Jan 18, 2017, 11:11:33] Hook with Essentials plugin
[Jan 18, 2017, 11:11:33] SQLite Setup finished
[Jan 18, 2017, 11:11:33] Vault plugin detected, hook with PermissionsEx system
[Jan 18, 2017, 11:11:33] ERROR : Please Update your ChestShop version!
[Jan 18, 2017, 11:11:33] Hook with EssentialsSpawn plugin
[Jan 18, 2017, 11:46:51] Fhavyre logged in!
[Jan 18, 2017, 11:51:40] SQLite Setup finished
[Jan 18, 2017, 11:51:40] SQLite driver loaded
[Jan 18, 2017, 11:51:40] Hook with Essentials plugin
[Jan 18, 2017, 11:51:40] ERROR : Please Update your ChestShop version!
[Jan 18, 2017, 11:51:40] Vault plugin detected, hook with PermissionsEx system
[Jan 18, 2017, 11:51:40] Hook with EssentialsSpawn plugin
[Jan 18, 2017, 12:10:29] Fhavyre logged in!
[Jan 18, 2017, 12:12:9] SQLite Setup finished
[Jan 18, 2017, 12:12:8] Hook with Essentials plugin
[Jan 18, 2017, 12:12:8] Hook with EssentialsSpawn plugin
[Jan 18, 2017, 12:12:8] SQLite driver loaded
[Jan 18, 2017, 12:12:8] ERROR : Please Update your ChestShop version!
[Jan 18, 2017, 12:12:8] Vault plugin detected, hook with PermissionsEx system
[Jan 18, 2017, 12:14:16] SQLite Setup finished
[Jan 18, 2017, 12:14:16] Hook with Essentials plugin
[Jan 18, 2017, 12:14:16] SQLite driver loaded
[Jan 18, 2017, 12:14:16] Hook with EssentialsSpawn plugin
[Jan 18, 2017, 12:14:16] ERROR : Please Update your ChestShop version!
[Jan 18, 2017, 12:14:16] Vault plugin detected, hook with PermissionsEx system
[Jan 18, 2017, 12:14:50] Fhavyre logged in!
[Jan 18, 2017, 14:49:6] zLane logged in!
[Jan 18, 2017, 16:24:23] zLane logged in!
[Jan 18, 2017, 17:13:6] zLane logged in!
[Jan 18, 2017, 18:15:48] zLane logged in!
[Jan 18, 2017, 18:19:38] SQLite Setup finished
[Jan 18, 2017, 18:19:37] Hook with Essentials plugin
[Jan 18, 2017, 18:19:38] SQLite driver loaded
[Jan 18, 2017, 18:19:37] Vault plugin detected, hook with PermissionsEx system
[Jan 18, 2017, 18:19:38] Hook with EssentialsSpawn plugin
[Jan 18, 2017, 18:19:37] ERROR : Please Update your ChestShop version!
[Jan 18, 2017, 18:20:57] zLane logged in!
[Jan 18, 2017, 18:24:7] SQLite driver loaded
[Jan 18, 2017, 18:24:7] SQLite Setup finished
[Jan 18, 2017, 18:24:7] Hook with Essentials plugin
[Jan 18, 2017, 18:24:7] ERROR : Please Update your ChestShop version!
[Jan 18, 2017, 18:24:7] Vault plugin detected, hook with PermissionsEx system
[Jan 18, 2017, 18:24:7] Hook with EssentialsSpawn plugin
[Jan 18, 2017, 18:25:55] zLane logged in!
[Jan 18, 2017, 18:26:47] Fhavyre logged in!
[Jan 18, 2017, 18:32:37] Hook with EssentialsSpawn plugin
[Jan 18, 2017, 18:32:37] ERROR : Please Update your ChestShop version!
[Jan 18, 2017, 18:32:37] SQLite Setup finished
[Jan 18, 2017, 18:32:37] SQLite driver loaded
[Jan 18, 2017, 18:32:37] Hook with Essentials plugin
[Jan 18, 2017, 18:32:37] Vault plugin detected, hook with PermissionsEx system
[Jan 18, 2017, 18:34:20] SQLite driver loaded
[Jan 18, 2017, 18:34:21] SQLite Setup finished
[Jan 18, 2017, 18:34:20] Hook with Essentials plugin
[Jan 18, 2017, 18:34:20] Vault plugin detected, hook with PermissionsEx system
[Jan 18, 2017, 18:34:20] ERROR : Please Update your ChestShop version!
[Jan 18, 2017, 18:34:20] Hook with EssentialsSpawn plugin
[Jan 18, 2017, 18:35:21] Fhavyre logged in!
[Jan 18, 2017, 18:37:16] zLane logged in!
[Jan 18, 2017, 18:41:22] SQLite driver loaded
[Jan 18, 2017, 18:41:22] SQLite Setup finished
[Jan 18, 2017, 18:41:22] ERROR : Please Update your ChestShop version!
[Jan 18, 2017, 18:41:22] Hook with EssentialsSpawn plugin
[Jan 18, 2017, 18:41:22] Hook with Essentials plugin
[Jan 18, 2017, 18:41:22] Vault plugin detected, hook with PermissionsEx system
[Jan 18, 2017, 18:41:35] zLane logged in!
[Jan 18, 2017, 18:41:45] Fhavyre logged in!
[Jan 19, 2017, 18:0:4] SQLite driver loaded
[Jan 19, 2017, 18:0:4] Hook with Essentials plugin
[Jan 19, 2017, 18:0:4] Vault plugin detected, hook with PermissionsEx system
[Jan 19, 2017, 18:0:4] ERROR : Please Update your ChestShop version!
[Jan 19, 2017, 18:0:4] Hook with EssentialsSpawn plugin
[Jan 19, 2017, 18:0:4] SQLite Setup finished
[Jan 19, 2017, 18:0:55] SQLite driver loaded
[Jan 19, 2017, 18:0:55] Hook with Essentials plugin
[Jan 19, 2017, 18:0:55] Vault plugin detected, hook with PermissionsEx system
[Jan 19, 2017, 18:0:55] Hook with EssentialsSpawn plugin
[Jan 19, 2017, 18:0:55] ERROR : Please Update your ChestShop version!
[Jan 19, 2017, 18:0:55] SQLite Setup finished
[Jan 19, 2017, 18:1:30] Fhavyre logged in!
[Jan 19, 2017, 18:5:48] SQLite Setup finished
[Jan 19, 2017, 18:5:48] Hook with EssentialsSpawn plugin
[Jan 19, 2017, 18:5:48] ERROR : Please Update your ChestShop version!
[Jan 19, 2017, 18:5:48] Hook with Essentials plugin
[Jan 19, 2017, 18:5:48] Vault plugin detected, hook with PermissionsEx system
[Jan 19, 2017, 18:5:48] SQLite driver loaded
[Jan 19, 2017, 18:6:50] Fhavyre logged in!
[Jan 19, 2017, 18:17:55] SQLite driver loaded
[Jan 19, 2017, 18:17:55] Hook with Essentials plugin
[Jan 19, 2017, 18:17:55] Vault plugin detected, hook with PermissionsEx system
[Jan 19, 2017, 18:17:55] ERROR : Please Update your ChestShop version!
[Jan 19, 2017, 18:17:55] Hook with EssentialsSpawn plugin
[Jan 19, 2017, 18:17:55] SQLite Setup finished
[Jan 19, 2017, 18:18:5] Fhavyre logged in!
[Jan 19, 2017, 18:38:53] zLane logged in!
[Jan 19, 2017, 18:40:27] Maervel_YT12 registered 77.93.6.131
[Jan 19, 2017, 19:3:34] SQLite driver loaded
[Jan 19, 2017, 19:3:34] SQLite Setup finished
[Jan 19, 2017, 19:3:34] ERROR : Please Update your ChestShop version!
[Jan 19, 2017, 19:3:34] Hook with EssentialsSpawn plugin
[Jan 19, 2017, 19:3:34] Vault plugin detected, hook with PermissionsEx system
[Jan 19, 2017, 19:3:34] Hook with Essentials plugin
[Jan 19, 2017, 19:3:45] zLane logged in!
[Jan 19, 2017, 19:3:47] Maervel_YT12 logged in!
[Jan 19, 2017, 19:4:2] Fhavyre logged in!
[Jan 19, 2017, 19:38:5] Maervel_YT12 logged in!
[Jan 19, 2017, 19:48:26] jafter156423 registered 77.122.247.251
[Jan 19, 2017, 20:7:58] Maervel_YT12 logged in!
[Jan 19, 2017, 20:16:19] Fhavyre logged in!
[Jan 19, 2017, 20:25:16] jafter156423 logged in!
[Jan 19, 2017, 20:35:17] Maervel_YT12 logged in!
[Jan 19, 2017, 20:46:59] jafter156423 used the wrong password
[Jan 19, 2017, 20:47:34] jafter156423 logged in!
[Jan 19, 2017, 21:6:41] SQLite driver loaded
[Jan 19, 2017, 21:6:41] SQLite Setup finished
[Jan 19, 2017, 21:6:41] Hook with Essentials plugin
[Jan 19, 2017, 21:6:41] Hook with EssentialsSpawn plugin
[Jan 19, 2017, 21:6:41] Vault plugin detected, hook with PermissionsEx system
[Jan 19, 2017, 21:6:41] ERROR : Please Update your ChestShop version!
[Jan 19, 2017, 21:6:49] jafter156423 logged in!
[Jan 19, 2017, 21:6:56] Fhavyre logged in!
[Jan 19, 2017, 21:6:59] zLane logged in!
[Jan 19, 2017, 21:37:47] jafter156423 logged in!
[Jan 19, 2017, 21:51:44] zLane logged in!
[Jan 19, 2017, 23:16:6] SQLite driver loaded
[Jan 19, 2017, 23:16:6] SQLite Setup finished
[Jan 19, 2017, 23:16:6] Hook with Essentials plugin
[Jan 19, 2017, 23:16:6] Hook with EssentialsSpawn plugin
[Jan 19, 2017, 23:16:6] ERROR : Please Update your ChestShop version!
[Jan 19, 2017, 23:16:6] Vault plugin detected, hook with PermissionsEx system
[Jan 19, 2017, 23:17:35] zLane logged in!
[Jan 19, 2017, 23:53:1] zLane logged in!
[Jan 20, 2017, 5:20:44] SQLite driver loaded
[Jan 20, 2017, 5:20:44] SQLite Setup finished
[Jan 20, 2017, 5:20:44] Hook with Essentials plugin
[Jan 20, 2017, 5:20:44] Hook with EssentialsSpawn plugin
[Jan 20, 2017, 5:20:44] Vault plugin detected, hook with PermissionsEx system
[Jan 20, 2017, 5:20:44] ERROR : Please Update your ChestShop version!
[Jan 20, 2017, 5:21:42] SQLite driver loaded
[Jan 20, 2017, 5:21:42] SQLite Setup finished
[Jan 20, 2017, 5:21:42] Hook with Essentials plugin
[Jan 20, 2017, 5:21:42] Hook with EssentialsSpawn plugin
[Jan 20, 2017, 5:21:42] Vault plugin detected, hook with PermissionsEx system
[Jan 20, 2017, 5:21:42] ERROR : Please Update your ChestShop version!
[Jan 20, 2017, 7:45:8] jafter156423 logged in!
[Jan 20, 2017, 9:26:13] SQLite driver loaded
[Jan 20, 2017, 9:26:13] SQLite Setup finished
[Jan 20, 2017, 9:26:13] Hook with Essentials plugin
[Jan 20, 2017, 9:26:13] Hook with EssentialsSpawn plugin
[Jan 20, 2017, 9:26:13] Vault plugin detected, hook with PermissionsEx system
[Jan 20, 2017, 9:26:13] ERROR : Please Update your ChestShop version!
[Jan 20, 2017, 9:52:39] Fhavyre logged in!
[Jan 20, 2017, 10:3:16] SQLite driver loaded
[Jan 20, 2017, 10:3:16] SQLite Setup finished
[Jan 20, 2017, 10:3:16] Hook with Essentials plugin
[Jan 20, 2017, 10:3:16] Hook with EssentialsSpawn plugin
[Jan 20, 2017, 10:3:16] Vault plugin detected, hook with PermissionsEx system
[Jan 20, 2017, 10:3:16] ERROR : Please Update your ChestShop version!
[Jan 20, 2017, 10:3:28] Fhavyre logged in!
[Jan 20, 2017, 10:5:36] SQLite driver loaded
[Jan 20, 2017, 10:5:36] SQLite Setup finished
[Jan 20, 2017, 10:5:36] Hook with Essentials plugin
[Jan 20, 2017, 10:5:36] Hook with EssentialsSpawn plugin
[Jan 20, 2017, 10:5:36] Vault plugin detected, hook with PermissionsEx system
[Jan 20, 2017, 10:5:36] ERROR : Please Update your ChestShop version!
[Jan 20, 2017, 10:5:49] Fhavyre logged in!
[Jan 20, 2017, 10:17:0] SQLite driver loaded
[Jan 20, 2017, 10:17:0] SQLite Setup finished
[Jan 20, 2017, 10:17:0] Hook with Essentials plugin
[Jan 20, 2017, 10:17:0] Hook with EssentialsSpawn plugin
[Jan 20, 2017, 10:17:0] Vault plugin detected, hook with PermissionsEx system
[Jan 20, 2017, 10:17:0] ERROR : Please Update your ChestShop version!
[Jan 20, 2017, 10:17:13] Fhavyre logged in!
[Jan 20, 2017, 10:21:25] SQLite driver loaded
[Jan 20, 2017, 10:21:25] SQLite Setup finished
[Jan 20, 2017, 10:21:25] Hook with Essentials plugin
[Jan 20, 2017, 10:21:25] Hook with EssentialsSpawn plugin
[Jan 20, 2017, 10:21:25] Vault plugin detected, hook with PermissionsEx system
[Jan 20, 2017, 10:21:25] ERROR : Please Update your ChestShop version!
[Jan 20, 2017, 10:30:18] Fhavyre logged in!
[Jan 20, 2017, 10:33:7] SQLite driver loaded
[Jan 20, 2017, 10:33:7] SQLite Setup finished
[Jan 20, 2017, 10:33:7] Hook with Essentials plugin
[Jan 20, 2017, 10:33:7] Hook with EssentialsSpawn plugin
[Jan 20, 2017, 10:33:7] Vault plugin detected, hook with PermissionsEx system
[Jan 20, 2017, 10:33:7] ERROR : Please Update your ChestShop version!
[Jan 20, 2017, 10:33:23] Fhavyre logged in!
[Jan 20, 2017, 10:58:14] imalo registered 91.149.146.32
[Jan 20, 2017, 10:58:50] SQLite driver loaded
[Jan 20, 2017, 10:58:50] SQLite Setup finished
[Jan 20, 2017, 10:58:50] ERROR : Please Update your ChestShop version!
[Jan 20, 2017, 10:58:50] Hook with EssentialsSpawn plugin
[Jan 20, 2017, 10:58:50] Vault plugin detected, hook with PermissionsEx system
[Jan 20, 2017, 10:58:50] Hook with Essentials plugin
[Jan 20, 2017, 10:59:3] imalo logged in!
[Jan 20, 2017, 11:4:9] Fhavyre logged in!
[Jan 20, 2017, 11:9:17] SQLite driver loaded
[Jan 20, 2017, 11:9:17] SQLite Setup finished
[Jan 20, 2017, 11:9:17] ERROR : Please Update your ChestShop version!
[Jan 20, 2017, 11:9:17] Hook with EssentialsSpawn plugin
[Jan 20, 2017, 11:9:17] Vault plugin detected, hook with PermissionsEx system
[Jan 20, 2017, 11:9:17] Hook with Essentials plugin
[Jan 20, 2017, 11:9:25] Fhavyre logged in!
[Jan 20, 2017, 11:12:27] imalo logged in!
[Jan 20, 2017, 11:26:30] SQLite driver loaded
[Jan 20, 2017, 11:26:30] SQLite Setup finished
[Jan 20, 2017, 11:26:30] ERROR : Please Update your ChestShop version!
[Jan 20, 2017, 11:26:30] Hook with EssentialsSpawn plugin
[Jan 20, 2017, 11:26:30] Vault plugin detected, hook with PermissionsEx system
[Jan 20, 2017, 11:26:30] Hook with Essentials plugin
[Jan 20, 2017, 11:26:49] imalo logged in!
[Jan 20, 2017, 11:27:52] SQLite driver loaded
[Jan 20, 2017, 11:27:52] SQLite Setup finished
[Jan 20, 2017, 11:27:52] ERROR : Please Update your ChestShop version!
[Jan 20, 2017, 11:27:52] Hook with EssentialsSpawn plugin
[Jan 20, 2017, 11:27:52] Vault plugin detected, hook with PermissionsEx system
[Jan 20, 2017, 11:27:52] Hook with Essentials plugin
[Jan 20, 2017, 11:28:4] imalo logged in!
[Jan 20, 2017, 11:28:20] Fhavyre logged in!
[Jan 20, 2017, 12:32:56] imalo logged in!
[Jan 20, 2017, 12:43:58] zPedroMS registered 95.57.241.78
[Jan 20, 2017, 14:36:3] zLane logged in!
[Jan 20, 2017, 16:54:24] Maervel_YT12 logged in!
[Jan 20, 2017, 16:58:33] imalo logged in!
[Jan 20, 2017, 17:0:21] Maervel_YT12 logged in!
[Jan 20, 2017, 17:15:53] sniper10 registered 185.13.134.73
[Jan 20, 2017, 17:55:27] KRAFTER registered 95.57.241.78
[Jan 20, 2017, 19:18:31] zLane logged in!
[Jan 20, 2017, 19:25:59] jafter156423 logged in!
[Jan 20, 2017, 19:57:8] MrYellow25 registered 37.78.83.227
[Jan 20, 2017, 20:0:3] MrYellow25 logged in!
[Jan 20, 2017, 20:27:3] vaag registered 37.157.217.235
[Jan 20, 2017, 20:28:0] _MrCreativchik_ registered 176.213.73.166
[Jan 20, 2017, 20:28:40] vaag used the wrong password
[Jan 20, 2017, 20:28:49] vaag logged in!
[Jan 20, 2017, 20:41:49] Thyoity registered 95.79.74.66
[Jan 20, 2017, 20:44:30] vaag logged in!
[Jan 20, 2017, 20:44:41] Thyoity used the wrong password
[Jan 20, 2017, 20:44:49] Thyoity used the wrong password
[Jan 20, 2017, 20:45:3] Thyoity used the wrong password
[Jan 20, 2017, 20:47:10] SQLite driver loaded
[Jan 20, 2017, 20:47:10] SQLite Setup finished
[Jan 20, 2017, 20:47:10] Hook with Essentials plugin
[Jan 20, 2017, 20:47:10] Vault plugin detected, hook with PermissionsEx system
[Jan 20, 2017, 20:47:10] ERROR : Please Update your ChestShop version!
[Jan 20, 2017, 20:47:10] Hook with EssentialsSpawn plugin
[Jan 20, 2017, 20:47:26] zLane logged in!
[Jan 20, 2017, 20:47:27] vaag logged in!
[Jan 20, 2017, 20:47:27] imalo logged in!
[Jan 20, 2017, 20:47:31] Thyoity used the wrong password
[Jan 20, 2017, 20:47:33] SUICIDEBOY registered 91.217.3.226
[Jan 20, 2017, 20:47:39] Thyoity used the wrong password
[Jan 20, 2017, 20:47:56] Thyoity used the wrong password
[Jan 20, 2017, 20:48:12] Thyoity used the wrong password
[Jan 20, 2017, 20:48:23] Thyoity used the wrong password
[Jan 20, 2017, 20:48:42] Thyoity used the wrong password
[Jan 20, 2017, 20:50:14] _MrCreativchik_ logged in!
[Jan 20, 2017, 20:51:27] Maervel_YT12 logged in!
[Jan 20, 2017, 20:54:9] Thyoity used the wrong password
[Jan 20, 2017, 20:54:16] Thyoity used the wrong password
[Jan 20, 2017, 20:54:30] Thyoity used the wrong password
[Jan 20, 2017, 20:56:25] SUICIDEBOY logged in!
[Jan 20, 2017, 20:56:56] _MrCreativchik_ logged in!
[Jan 20, 2017, 20:57:39] Thyoity used the wrong password
[Jan 20, 2017, 20:57:48] Thyoity used the wrong password
[Jan 20, 2017, 21:1:10] imalo logged in!
[Jan 20, 2017, 21:8:10] YanS registered 80.80.202.74
[Jan 20, 2017, 21:9:35] Fhavyre logged in!
[Jan 20, 2017, 21:16:21] YanS logged in!
[Jan 20, 2017, 21:56:35] YanS logged in!
[Jan 20, 2017, 22:17:4] jafter156423 logged in!
[Jan 20, 2017, 23:18:54] SQLite driver loaded
[Jan 20, 2017, 23:18:54] SQLite Setup finished
[Jan 20, 2017, 23:18:54] ERROR : Please Update your ChestShop version!
[Jan 20, 2017, 23:18:54] Hook with EssentialsSpawn plugin
[Jan 20, 2017, 23:18:54] Vault plugin detected, hook with PermissionsEx system
[Jan 20, 2017, 23:18:54] Hook with Essentials plugin
[Jan 20, 2017, 23:19:3] Fhavyre logged in!
[Jan 20, 2017, 23:19:7] jafter156423 logged in!
[Jan 20, 2017, 23:19:14] imalo logged in!
[Jan 20, 2017, 23:20:20] zLane logged in!
[Jan 20, 2017, 23:22:3] YanS logged in!
[Jan 20, 2017, 23:55:20] YanS logged in!
[Jan 21, 2017, 0:22:23] zLane logged in!
[Jan 21, 2017, 0:38:37] imalo logged in!
[Jan 21, 2017, 1:0:43] zLane logged in!
[Jan 21, 2017, 2:30:12] jafter156423 logged in!
[Jan 21, 2017, 2:48:34] jafter156423 logged in!
[Jan 21, 2017, 3:13:54] jafter156423 logged in!
[Jan 21, 2017, 8:42:0] jafter156423 logged in!
[Jan 21, 2017, 9:42:15] jafter156423 logged in!
[Jan 21, 2017, 9:43:20] stepan32234 registered 176.8.179.231
[Jan 21, 2017, 9:43:37] jafter156423 logged in!
[Jan 21, 2017, 9:46:20] jafter156423 logged in!
[Jan 21, 2017, 9:46:49] Skipper registered 176.8.179.231
[Jan 21, 2017, 10:50:29] jafter156423 logged in!
[Jan 21, 2017, 11:0:21] vaag logged in!
[Jan 21, 2017, 11:2:20] vaag logged in!
[Jan 21, 2017, 12:54:25] zLane logged in!
[Jan 21, 2017, 13:34:26] maks13 registered 94.179.208.216
[Jan 21, 2017, 13:42:33] maks13 logged in!
[Jan 21, 2017, 13:44:15] saha11 registered 94.179.208.216
[Jan 21, 2017, 13:54:38] maks13 logged in!
[Jan 21, 2017, 13:55:22] Fhavyre logged in!
[Jan 21, 2017, 13:56:36] maks13 logged in!
[Jan 21, 2017, 14:42:32] SQLite driver loaded
[Jan 21, 2017, 14:42:32] SQLite Setup finished
[Jan 21, 2017, 14:42:32] ERROR : Please Update your ChestShop version!
[Jan 21, 2017, 14:42:32] Hook with EssentialsSpawn plugin
[Jan 21, 2017, 14:42:32] Vault plugin detected, hook with PermissionsEx system
[Jan 21, 2017, 14:42:32] Hook with Essentials plugin
[Jan 21, 2017, 15:31:50] SQLite driver loaded
[Jan 21, 2017, 15:31:50] SQLite Setup finished
[Jan 21, 2017, 15:31:50] ERROR : Please Update your ChestShop version!
[Jan 21, 2017, 15:31:50] Hook with EssentialsSpawn plugin
[Jan 21, 2017, 15:31:50] Vault plugin detected, hook with PermissionsEx system
[Jan 21, 2017, 15:31:50] Hook with Essentials plugin
[Jan 21, 2017, 15:32:40] Fhavyre logged in!
[Jan 21, 2017, 15:39:10] SQLite driver loaded
[Jan 21, 2017, 15:39:10] SQLite Setup finished
[Jan 21, 2017, 15:39:10] ERROR : Please Update your ChestShop version!
[Jan 21, 2017, 15:39:10] Hook with EssentialsSpawn plugin
[Jan 21, 2017, 15:39:10] Vault plugin detected, hook with PermissionsEx system
[Jan 21, 2017, 15:39:10] Hook with Essentials plugin
[Jan 21, 2017, 15:39:24] Fhavyre logged in!
[Jan 21, 2017, 15:40:8] jafter156423 logged in!
[Jan 21, 2017, 15:51:48] SQLite driver loaded
[Jan 21, 2017, 15:51:48] SQLite Setup finished
[Jan 21, 2017, 15:51:48] ERROR : Please Update your ChestShop version!
[Jan 21, 2017, 15:51:48] Hook with EssentialsSpawn plugin
[Jan 21, 2017, 15:51:48] Vault plugin detected, hook with PermissionsEx system
[Jan 21, 2017, 15:51:48] Hook with Essentials plugin
[Jan 21, 2017, 15:51:58] Fhavyre logged in!
[Jan 21, 2017, 16:0:11] SQLite driver loaded
[Jan 21, 2017, 16:0:11] SQLite Setup finished
[Jan 21, 2017, 16:0:11] ERROR : Please Update your ChestShop version!
[Jan 21, 2017, 16:0:11] Hook with EssentialsSpawn plugin
[Jan 21, 2017, 16:0:11] Vault plugin detected, hook with PermissionsEx system
[Jan 21, 2017, 16:0:11] Hook with Essentials plugin
[Jan 21, 2017, 16:0:25] Fhavyre logged in!
[Jan 21, 2017, 16:13:32] zLane logged in!
[Jan 21, 2017, 16:32:47] Rad_Dragon registered 91.222.251.50
[Jan 21, 2017, 16:36:1] jafter156423 logged in!
[Jan 21, 2017, 16:39:5] kiril2548 logged in!
[Jan 21, 2017, 16:50:18] Fhavyre logged in!
[Jan 21, 2017, 17:11:50] zLane logged in!
[Jan 21, 2017, 17:52:44] imalo logged in!
[Jan 21, 2017, 18:17:39] imalo logged in!
[Jan 21, 2017, 18:29:31] DaNiK221 registered 178.122.35.239
[Jan 21, 2017, 18:43:4] Thyoity used the wrong password
[Jan 21, 2017, 22:31:26] imalo logged in!
[Jan 22, 2017, 13:9:41] Fhavyre logged in!
[Jan 22, 2017, 14:21:40] zLane logged in!
[Jan 22, 2017, 14:32:6] imalo logged in!
[Jan 22, 2017, 14:50:15] Miley registered 185.32.134.113
[Jan 22, 2017, 15:31:50] kiril2548 used the wrong password
[Jan 22, 2017, 15:31:58] kiril2548 logged in!
[Jan 22, 2017, 15:59:51] kiril2548 used the wrong password
[Jan 22, 2017, 16:0:3] kiril2548 used the wrong password
[Jan 22, 2017, 16:0:21] kiril2548 logged in!
[Jan 22, 2017, 17:11:41] Miley logged in!
[Jan 22, 2017, 18:11:28] zLane logged in!
[Jan 22, 2017, 18:20:21] Miley logged in!
[Jan 22, 2017, 19:37:36] Miley logged in!
[Jan 22, 2017, 19:47:55] TheSheeps registered 185.170.85.244
[Jan 22, 2017, 19:54:5] imalo logged in!
[Jan 22, 2017, 22:1:30] imalo logged in!
[Jan 23, 2017, 1:18:11] kiril2548 used the wrong password
[Jan 23, 2017, 1:18:30] kiril2548 logged in!
[Jan 23, 2017, 1:29:46] zLane logged in!
[Jan 23, 2017, 2:5:3] imalo logged in!
[Jan 23, 2017, 2:27:8] kiril2548 logged in!
[Jan 23, 2017, 2:33:34] kiril2548 logged in!
[Jan 23, 2017, 2:41:45] kiril2548 used the wrong password
[Jan 23, 2017, 2:42:12] kiril2548 logged in!
[Jan 23, 2017, 2:49:42] imalo logged in!
[Jan 23, 2017, 5:28:32] SQLite driver loaded
[Jan 23, 2017, 5:28:32] SQLite Setup finished
[Jan 23, 2017, 5:28:32] ERROR : Please Update your ChestShop version!
[Jan 23, 2017, 5:28:32] Hook with EssentialsSpawn plugin
[Jan 23, 2017, 5:28:32] Vault plugin detected, hook with PermissionsEx system
[Jan 23, 2017, 5:28:32] Hook with Essentials plugin
[Jan 23, 2017, 5:28:50] zLane logged in!
[Jun 19, 2017, 13:27:14] SQLite Setup finished
[Jun 19, 2017, 13:27:14] Hook with Essentials plugin
[Jun 19, 2017, 13:27:14] SQLite driver loaded
[Jun 19, 2017, 13:27:14] Vault plugin detected, hook with PermissionsEx system
[Jun 19, 2017, 13:27:14] Hook with EssentialsSpawn plugin
[Jun 19, 2017, 13:27:14] ERROR : Please Update your ChestShop version!
[Jun 19, 2017, 13:42:26] Fhavyre logged in!
[Jun 19, 2017, 16:24:59] SQLite driver loaded
[Jun 19, 2017, 16:24:59] SQLite Setup finished
[Jun 19, 2017, 16:24:59] Hook with EssentialsSpawn plugin
[Jun 19, 2017, 16:24:59] Hook with Essentials plugin
[Jun 19, 2017, 16:24:59] Vault plugin detected, hook with PermissionsEx system
[Jun 19, 2017, 16:24:59] ERROR : Please Update your ChestShop version!
[Jun 19, 2017, 16:27:56] Fhavyre logged in!
[Jun 19, 2017, 17:7:44] Fhavyre logged in!
[Jun 19, 2017, 17:12:2] Fhavyre logged in!
[Jun 19, 2017, 17:23:27] Hook with EssentialsSpawn plugin
[Jun 19, 2017, 17:23:27] Hook with Essentials plugin
[Jun 19, 2017, 17:23:27] SQLite Setup finished
[Jun 19, 2017, 17:23:27] SQLite driver loaded
[Jun 19, 2017, 17:23:27] ERROR : Please Update your ChestShop version!
[Jun 19, 2017, 17:23:27] Vault plugin detected, hook with PermissionsEx system
[Jun 19, 2017, 19:10:2] SQLite Setup finished
[Jun 19, 2017, 19:10:2] Hook with Essentials plugin
[Jun 19, 2017, 19:10:2] SQLite driver loaded
[Jun 19, 2017, 19:10:2] Hook with EssentialsSpawn plugin
[Jun 19, 2017, 19:10:2] ERROR : Please Update your ChestShop version!
[Jun 19, 2017, 19:10:2] Vault plugin detected, hook with PermissionsEx system
[Jun 19, 2017, 19:56:8] SQLite Setup finished
[Jun 19, 2017, 19:56:8] Hook with Essentials plugin
[Jun 19, 2017, 19:56:8] Hook with EssentialsSpawn plugin
[Jun 19, 2017, 19:56:8] SQLite driver loaded
[Jun 19, 2017, 19:56:8] Vault plugin detected, hook with PermissionsEx system
[Jun 19, 2017, 19:56:8] ERROR : Please Update your ChestShop version!
[Jun 19, 2017, 20:14:10] Fhavyre logged in!
[Jun 20, 2017, 10:13:8] SQLite driver loaded
[Jun 20, 2017, 10:13:8] Hook with EssentialsSpawn plugin
[Jun 20, 2017, 10:13:8] SQLite Setup finished
[Jun 20, 2017, 10:13:7] Hook with Essentials plugin
[Jun 20, 2017, 10:13:7] ERROR : Please Update your ChestShop version!
[Jun 20, 2017, 10:13:7] Vault plugin detected, hook with PermissionsEx system
[Jun 20, 2017, 10:16:28] Fhavyre logged in!
[Jun 20, 2017, 10:36:41] Hook with EssentialsSpawn plugin
[Jun 20, 2017, 10:36:41] Hook with Essentials plugin
[Jun 20, 2017, 10:36:41] SQLite Setup finished
[Jun 20, 2017, 10:36:41] SQLite driver loaded
[Jun 20, 2017, 10:36:41] ERROR : Please Update your ChestShop version!
[Jun 20, 2017, 10:36:41] Vault plugin detected, hook with PermissionsEx system
[Jun 20, 2017, 11:8:37] SQLite Setup finished
[Jun 20, 2017, 11:8:37] Hook with EssentialsSpawn plugin
[Jun 20, 2017, 11:8:37] SQLite driver loaded
[Jun 20, 2017, 11:8:37] Hook with Essentials plugin
[Jun 20, 2017, 11:8:37] ERROR : Please Update your ChestShop version!
[Jun 20, 2017, 11:8:37] Vault plugin detected, hook with PermissionsEx system
[Jun 20, 2017, 11:14:42] SQLite driver loaded
[Jun 20, 2017, 11:14:42] Hook with EssentialsSpawn plugin
[Jun 20, 2017, 11:14:42] SQLite Setup finished
[Jun 20, 2017, 11:14:42] Hook with Essentials plugin
[Jun 20, 2017, 11:14:42] Vault plugin detected, hook with PermissionsEx system
[Jun 20, 2017, 11:14:42] ERROR : Please Update your ChestShop version!
[Jun 20, 2017, 11:16:22] SQLite Setup finished
[Jun 20, 2017, 11:16:22] SQLite driver loaded
[Jun 20, 2017, 11:16:22] Hook with EssentialsSpawn plugin
[Jun 20, 2017, 11:16:22] Hook with Essentials plugin
[Jun 20, 2017, 11:16:22] ERROR : Please Update your ChestShop version!
[Jun 20, 2017, 11:16:22] Vault plugin detected, hook with PermissionsEx system
[Jun 20, 2017, 11:17:38] Fhavyre logged in!
[Jun 20, 2017, 11:20:9] Hook with EssentialsSpawn plugin
[Jun 20, 2017, 11:20:9] ERROR : Please Update your ChestShop version!
[Jun 20, 2017, 11:20:9] SQLite driver loaded
[Jun 20, 2017, 11:20:9] SQLite Setup finished
[Jun 20, 2017, 11:20:9] Vault plugin detected, hook with PermissionsEx system
[Jun 20, 2017, 11:20:9] Hook with Essentials plugin
[Jun 20, 2017, 11:23:14] Fhavyre logged in!
[Jun 20, 2017, 11:26:7] SQLite Setup finished
[Jun 20, 2017, 11:26:7] SQLite driver loaded
[Jun 20, 2017, 11:26:7] ERROR : Please Update your ChestShop version!
[Jun 20, 2017, 11:26:7] Hook with EssentialsSpawn plugin
[Jun 20, 2017, 11:26:7] Vault plugin detected, hook with PermissionsEx system
[Jun 20, 2017, 11:26:7] Hook with Essentials plugin
[Jun 20, 2017, 11:26:43] Fhavyre logged in!
[Jun 20, 2017, 11:30:32] SQLite driver loaded
[Jun 20, 2017, 11:30:32] SQLite Setup finished
[Jun 20, 2017, 11:30:32] ERROR : Please Update your ChestShop version!
[Jun 20, 2017, 11:30:32] Hook with EssentialsSpawn plugin
[Jun 20, 2017, 11:30:32] Vault plugin detected, hook with PermissionsEx system
[Jun 20, 2017, 11:30:32] Hook with Essentials plugin
[Jun 20, 2017, 11:31:44] Fhavyre logged in!
[Jun 20, 2017, 11:39:19] SQLite Setup finished
[Jun 20, 2017, 11:39:19] ERROR : Please Update your ChestShop version!
[Jun 20, 2017, 11:39:19] SQLite driver loaded
[Jun 20, 2017, 11:39:19] Hook with EssentialsSpawn plugin
[Jun 20, 2017, 11:39:19] Vault plugin detected, hook with PermissionsEx system
[Jun 20, 2017, 11:39:19] Hook with Essentials plugin
[Jun 20, 2017, 11:39:54] Fhavyre logged in!
[Jun 20, 2017, 11:55:22] Hook with EssentialsSpawn plugin
[Jun 20, 2017, 11:55:22] SQLite Setup finished
[Jun 20, 2017, 11:55:22] SQLite driver loaded
[Jun 20, 2017, 11:55:22] ERROR : Please Update your ChestShop version!
[Jun 20, 2017, 11:55:22] Vault plugin detected, hook with PermissionsEx system
[Jun 20, 2017, 11:55:22] Hook with Essentials plugin
[Jun 20, 2017, 11:55:43] Fhavyre logged in!
[Jun 20, 2017, 12:4:37] SQLite driver loaded
[Jun 20, 2017, 12:4:37] ERROR : Please Update your ChestShop version!
[Jun 20, 2017, 12:4:37] SQLite Setup finished
[Jun 20, 2017, 12:4:37] Hook with EssentialsSpawn plugin
[Jun 20, 2017, 12:4:37] Vault plugin detected, hook with PermissionsEx system
[Jun 20, 2017, 12:4:37] Hook with Essentials plugin
[Jun 20, 2017, 12:5:41] Fhavyre logged in!
[Jun 20, 2017, 12:10:41] SQLite Setup finished
[Jun 20, 2017, 12:10:41] SQLite driver loaded
[Jun 20, 2017, 12:10:41] Hook with EssentialsSpawn plugin
[Jun 20, 2017, 12:10:41] ERROR : Please Update your ChestShop version!
[Jun 20, 2017, 12:10:41] Vault plugin detected, hook with PermissionsEx system
[Jun 20, 2017, 12:10:41] Hook with Essentials plugin
[Jun 20, 2017, 12:20:7] Fhavyre logged in!
