[17:22:57] [Server thread/INFO]: Starting minecraft server version 1.10.2
[17:22:57] [Server thread/INFO]: Loading properties
[17:22:57] [Server thread/INFO]: Default game type: SURVIVAL
[17:22:58] [Server thread/INFO]: This server is running CraftBukkit version git-Spigot-f9671b8-4d87c34 (MC: 1.10.2) (Implementing API version 1.10.2-R0.1-SNAPSHOT)
[17:22:58] [Server thread/INFO]: Debug logging is disabled
[17:22:58] [Server thread/INFO]: Server Ping Player Sample Count: 12
[17:22:58] [Server thread/INFO]: Using 4 threads for Netty based IO
[17:22:58] [Server thread/INFO]: Generating keypair
[17:22:59] [Server thread/INFO]: Starting Minecraft server on *:25565
[17:22:59] [Server thread/INFO]: Using default channel type
[17:22:59] [Server thread/WARN]: Plugin `Administration_Panel v1.1.0' uses the space-character (0x20) in its name `Administration Panel' - this is discouraged
[17:22:59] [Server thread/ERROR]: Ambiguous plugin name `AuthMe' for files `plugins\AuthMe.jar' and `plugins\AuthMe-5.2-SNAPSHOT-spigot.jar' in `plugins'
[17:22:59] [Server thread/ERROR]: Could not load 'plugins\CustomJoinItems.jar' in folder 'plugins'
org.bukkit.plugin.InvalidDescriptionException: Invalid plugin.yml
	at org.bukkit.plugin.java.JavaPluginLoader.getPluginDescription(JavaPluginLoader.java:160) ~[spigot.jar:git-Spigot-f9671b8-4d87c34]
	at org.bukkit.plugin.SimplePluginManager.loadPlugins(SimplePluginManager.java:133) [spigot.jar:git-Spigot-f9671b8-4d87c34]
	at org.bukkit.craftbukkit.v1_10_R1.CraftServer.loadPlugins(CraftServer.java:298) [spigot.jar:git-Spigot-f9671b8-4d87c34]
	at net.minecraft.server.v1_10_R1.DedicatedServer.init(DedicatedServer.java:203) [spigot.jar:git-Spigot-f9671b8-4d87c34]
	at net.minecraft.server.v1_10_R1.MinecraftServer.run(MinecraftServer.java:535) [spigot.jar:git-Spigot-f9671b8-4d87c34]
	at java.lang.Thread.run(Unknown Source) [?:1.8.0_74]
Caused by: java.util.zip.ZipException: error in opening zip file
	at java.util.zip.ZipFile.open(Native Method) ~[?:1.8.0_74]
	at java.util.zip.ZipFile.<init>(Unknown Source) ~[?:1.8.0_74]
	at java.util.zip.ZipFile.<init>(Unknown Source) ~[?:1.8.0_74]
	at java.util.jar.JarFile.<init>(Unknown Source) ~[?:1.8.0_74]
	at java.util.jar.JarFile.<init>(Unknown Source) ~[?:1.8.0_74]
	at org.bukkit.plugin.java.JavaPluginLoader.getPluginDescription(JavaPluginLoader.java:148) ~[spigot.jar:git-Spigot-f9671b8-4d87c34]
	... 5 more
[17:22:59] [Server thread/ERROR]: Ambiguous plugin name `Essentials' for files `plugins\Essentials.jar' and `plugins\Essentials-2.x-SNAPSHOT.jar' in `plugins'
[17:22:59] [Server thread/ERROR]: Ambiguous plugin name `EssentialsSpawn' for files `plugins\EssentialsSpawn.jar' and `plugins\EssentialsSpawn-2.x-SNAPSHOT.jar' in `plugins'
[17:22:59] [Server thread/ERROR]: Ambiguous plugin name `PermissionsEx' for files `plugins\PermissionsEx.jar' and `plugins\PermissionsEx-1.23.4.jar' in `plugins'
[17:22:59] [Server thread/ERROR]: Ambiguous plugin name `WorldEdit' for files `plugins\WorldEdit.jar' and `plugins\worldedit-bukkit-6.1.4-SNAPSHOT-dist.jar' in `plugins'
[17:22:59] [Server thread/ERROR]: Ambiguous plugin name `WorldGuard' for files `plugins\WorldGuard.jar' and `plugins\worldguard-legacy-6.1.3-SNAPSHOT-dist.jar' in `plugins'
[17:22:59] [Server thread/INFO]: Set PluginClassLoader as parallel capable
[17:23:01] [Server thread/INFO]: [sTablist] Loading sTablist v2.4.8
[17:23:01] [Server thread/INFO]: [EmeraldDonation] Loading EmeraldDonation v0.3
[17:23:01] [Server thread/INFO]: [Administration_Panel] Loading Administration_Panel v1.1.0
[17:23:01] [Server thread/INFO]: [AppleJoin] Loading AppleJoin v1.0
[17:23:01] [Server thread/INFO]: [DynPad] Loading DynPad v1.5
[17:23:01] [Server thread/INFO]: [SkinsRestorer] Loading SkinsRestorer v12.5.4
[17:23:01] [Server thread/INFO]: [GiftCode] Loading GiftCode v1.3.1
[17:23:01] [Server thread/INFO]: [ServerProtector] Loading ServerProtector v1.0
[17:23:01] [Server thread/INFO]: [ViaVersion] Loading ViaVersion v0.9.2
[17:23:01] [Server thread/INFO]: [ViaVersion] ViaVersion 0.9.2 is now loaded, injecting!
[17:23:01] [Server thread/INFO]: [HideStream] Loading HideStream v3.8
[17:23:01] [Server thread/INFO]: [SignColorz] Loading SignColorz v1.2
[17:23:01] [Server thread/INFO]: [WorldEdit] Loading WorldEdit v6.1;no_git_id
[17:23:01] [Server thread/INFO]: [TimTheEnchanter] Loading TimTheEnchanter v2.0
[17:23:01] [Server thread/INFO]: [HealthBar] Loading HealthBar v1.8.1
[17:23:01] [Server thread/INFO]: [OpenInv] Loading OpenInv v3.0.6
[17:23:01] [Server thread/INFO]: [Essentials] Loading Essentials vTeamCity
[17:23:01] [Server thread/INFO]: [SimpleDupe] Loading SimpleDupe v1.0
[17:23:01] [Server thread/INFO]: [ClearLag] Loading ClearLag v2.9.3
[17:23:01] [Server thread/INFO]: [AutoMessage] Loading AutoMessage v2.5.5
[17:23:01] [Server thread/INFO]: [Passport] Loading Passport v1.0
[17:23:01] [Server thread/INFO]: [Chairs] Loading Chairs v4.9
[17:23:01] [Server thread/INFO]: [CreativeLimiter] Loading CreativeLimiter v1.0
[17:23:01] [Server thread/INFO]: [MultiMOTD] Loading MultiMOTD v1.2.2
[17:23:01] [Server thread/INFO]: [WorldBorder] Loading WorldBorder v1.8.4
[17:23:01] [Server thread/INFO]: [ColorHelp] Loading ColorHelp v1.2
[17:23:01] [Server thread/INFO]: [ProtocolLib] Loading ProtocolLib v4.1.0-SNAPSHOT-b320
[17:23:01] [Server thread/INFO]: [MCCore] Loading MCCore v1.58
[17:23:01] [Server thread/INFO]: [AutoSaveWorld] Loading AutoSaveWorld v4.15.dev
[17:23:01] [Server thread/INFO]: [NoCheatPlus] Loading NoCheatPlus v3.15.0-SNAPSHOT-sMD5NET-b1022
[17:23:01] [Server thread/INFO]: onLoad: Early set up of static API, configuration, logging.
[17:23:02] [Server thread/INFO]: [NoCheatPlus] Logging system initialized.
[17:23:02] [Server thread/INFO]: [NoCheatPlus] Detected Minecraft version: 1.10.2
[17:23:02] [Server thread/INFO]: [ItemFixer] Loading ItemFixer v2.6.3
[17:23:02] [Server thread/INFO]: [gwm_Library] Loading GWMLibrary v1.5
[17:23:02] [Server thread/INFO]: [gwm_Library] GWM Bukkit Library loaded!
[17:23:02] [Server thread/INFO]: [Death_Messages_Plus] Loading Death_Messages_Plus v1.05
[17:23:02] [Server thread/INFO]: [OPSRegion] Loading OPSRegion v1.0
[17:23:02] [Server thread/INFO]: [ItemCases] Loading ItemCases v1.5.1
[17:23:02] [Server thread/INFO]: [iConomy] Loading iConomy v7.0
[17:23:02] [Server thread/INFO]: [PermissionsEx] Loading PermissionsEx v1.23.4
[17:23:02] [Server thread/WARN]: [PermissionsEx] This server is in offline mode. Unless this server is configured to integrate with a supported proxy (see http://dft.ba/-8ous), UUIDs *may not be stable*!
[17:23:02] [Server thread/INFO]: [NoFlyPvp] Loading NoFlyPvp v1.1.4
[17:23:02] [Server thread/INFO]: [Vault] Loading Vault v1.5.6-b49
[17:23:02] [Server thread/INFO]: [ProtocolSupport] Loading ProtocolSupport v4.24
[17:23:02] [Server thread/INFO]: [ProtocolSupport] Allocator: PooledByteBufAllocator(directByDefault: true), direct: true
[17:23:02] [Server thread/INFO]: [ProtocolSupport] Compression level: 3
[17:23:02] [Server thread/INFO]: [ProtocolSupport] Assume 1.5.2 ping delay: 100
[17:23:02] [Server thread/INFO]: [ProtocolSupport] Assume legacy ping dealy: 200
[17:23:02] [Server thread/INFO]: [ProtocolSupport] Login threads max count: 2147483647, keep alive time: 60
[17:23:03] [Server thread/INFO]: [DonateJoin] Loading DonateJoin v1.0
[17:23:03] [Server thread/INFO]: [HolographicDisplays] Loading HolographicDisplays v2.2
[17:23:03] [Server thread/INFO]: [KillerMoney] Loading KillerMoney v2.1
[17:23:03] [Server thread/INFO]: [LWC] Loading LWC v4.3.1 (b767-git-MANUAL) (November 15, 2012)
[17:23:03] [Server thread/INFO]: [AntiRelog] Loading AntiRelog v1.3.2
[17:23:03] [Server thread/INFO]: [Marriage] Loading Marriage v2.0.13
[17:23:03] [Server thread/INFO]: [Marriage] Completed plugin pre-load stage.
[17:23:03] [Server thread/INFO]: [WorldGuard] Loading WorldGuard v6.1.1-SNAPSHOT
[17:23:03] [Server thread/INFO]: [ChestCommands] Loading ChestCommands v3.1.4
[17:23:03] [Server thread/INFO]: [RandomPort] Loading RandomPort v3.0
[17:23:03] [Server thread/INFO]: [EssentialsSpawn] Loading EssentialsSpawn vTeamCity
[17:23:03] [Server thread/INFO]: [TitleManager] Loading TitleManager v1.5.12
[17:23:03] [Server thread/INFO]: [BlockVersion] Loading BlockVersion v1.2
[17:23:03] [Server thread/INFO]: [Timeismoney] Loading Timeismoney v1.3
[17:23:03] [Server thread/INFO]: [ChangeSkin] Loading ChangeSkin v2.3.2
[17:23:03] [Server thread/INFO]: [Jobs] Loading Jobs v3.5.7
[17:23:03] [Server thread/INFO]: [ScoreboardStats] Loading ScoreboardStats v0.9.11
[17:23:03] [Server thread/INFO]: [ColoredTags] Loading ColoredTags v2.1.3
[17:23:03] [Server thread/INFO]: [WGExtender] Loading WGExtender v1.0
[17:23:03] [Server thread/INFO]: [BuyRegion] Loading BuyRegion v1.1.7
[17:23:03] [Server thread/INFO]: [ChatEx] Loading ChatEx v1.3
[17:23:03] [Server thread/INFO]: [UralClans2] Loading UralClans2 v2.2.8
[17:23:03] [Server thread/INFO]: [ChestShop] Loading ChestShop v3.46
[17:23:03] [Server thread/INFO]: [AuthMe] Loading AuthMe v3.4
[17:23:03] [Server thread/INFO]: [ChatGuard] Loading ChatGuard v7.4
[17:23:03] [Server thread/INFO]: [CreativeLimiter] Enabling CreativeLimiter v1.0
[17:23:03] [Server thread/INFO]: [ProtocolLib] Enabling ProtocolLib v4.1.0-SNAPSHOT-b320
[17:23:03] [Server thread/INFO]: [ProtocolLib] Started structure compiler thread.
[17:23:03] [Server thread/INFO]: [AutoSaveWorld] Enabling AutoSaveWorld v4.15.dev
[17:23:04] [Server thread/INFO]: [Vault] Enabling Vault v1.5.6-b49
[17:23:04] [Server thread/INFO]: [Vault] [Economy] Essentials Economy found: Waiting
[17:23:04] [Server thread/WARN]: iConomy - If you are using Flatfile storage be aware that versions 6, 7 and 8 have a CRITICAL bug which can wipe ALL iconomy data.
[17:23:04] [Server thread/WARN]: if you're using Votifier, or any other plugin which handles economy data in a threaded manner your server is at risk!
[17:23:04] [Server thread/WARN]: it is highly suggested to use SQL with iCo6 or to use an alternative economy plugin!
[17:23:04] [Server thread/INFO]: [Vault] [Economy] iConomy 6 found: Waiting
[17:23:04] [Server thread/INFO]: [Vault] [Permission] PermissionsEx found: Waiting
[17:23:04] [Server thread/INFO]: [Vault] [Permission] SuperPermissions loaded as backup permission system.
[17:23:04] [Server thread/INFO]: [Vault] [Chat] PermissionsEx found: Waiting
[17:23:04] [Server thread/INFO]: [Vault] Enabled Version 1.5.6-b49
[17:23:04] [Server thread/INFO]: [ProtocolSupport] Enabling ProtocolSupport v4.24
[17:23:04] [Server thread/INFO]: [LWC] Enabling LWC v4.3.1 (b767-git-MANUAL) (November 15, 2012)
[17:23:04] [Server thread/INFO]: [LWC] Loaded 209 locale strings (0 overrides)
[17:23:04] [Server thread/INFO]: [LWC] Permissions API: §4VaultPermissions
[17:23:04] [Server thread/INFO]: [LWC] Currency API: §4VaultCurrency
[17:23:04] [Server thread/INFO]: [LWC] Connecting to SQLite
[17:23:04] [Server thread/INFO]: [LWC] Performing any necessary database updates
[17:23:04] [Server thread/INFO]: [LWC] Using database: Native
[17:23:04] [Server thread/INFO]: [LWC] Precached 353 protections
[17:23:04] [Server thread/WARN]: **** SERVER IS RUNNING IN OFFLINE/INSECURE MODE!
[17:23:04] [Server thread/WARN]: The server will make no attempt to authenticate usernames. Beware.
[17:23:04] [Server thread/WARN]: While this makes the game possible to play without internet access, it also opens up the ability for hackers to connect with any username they choose.
[17:23:04] [Server thread/WARN]: To change this, set "online-mode" to "true" in the server.properties file.
[17:23:04] [Server thread/INFO]: **** Beginning UUID conversion, this may take A LONG time ****
[17:23:04] [Server thread/INFO]: Preparing level "world"
[17:23:04] [Server thread/INFO]: -------- World Settings For [world] --------
[17:23:04] [Server thread/INFO]: Arrow Despawn Rate: 1200
[17:23:04] [Server thread/INFO]: Allow Zombie Pigmen to spawn from portal blocks: true
[17:23:04] [Server thread/INFO]: Item Despawn Rate: 6000
[17:23:04] [Server thread/INFO]: Item Merge Radius: 2.5
[17:23:04] [Server thread/INFO]: View Distance: 4
[17:23:04] [Server thread/INFO]: Random Lighting Updates: false
[17:23:04] [Server thread/INFO]: Max TNT Explosions: 100
[17:23:04] [Server thread/INFO]: Tile Max Tick Time: 50ms Entity max Tick Time: 50ms
[17:23:04] [Server thread/INFO]: Entity Activation Range: An 32 / Mo 32 / Mi 16
[17:23:04] [Server thread/INFO]: Structure Info Saving: true
[17:23:04] [Server thread/INFO]: Entity Tracking Range: Pl 48 / An 48 / Mo 48 / Mi 32 / Other 64
[17:23:04] [Server thread/INFO]: Hopper Transfer: 8 Hopper Check: 8 Hopper Amount: 1
[17:23:04] [Server thread/INFO]: Mob Spawn Range: 4
[17:23:04] [Server thread/INFO]: Cactus Growth Modifier: 100%
[17:23:04] [Server thread/INFO]: Cane Growth Modifier: 100%
[17:23:04] [Server thread/INFO]: Melon Growth Modifier: 100%
[17:23:04] [Server thread/INFO]: Mushroom Growth Modifier: 100%
[17:23:04] [Server thread/INFO]: Pumpkin Growth Modifier: 100%
[17:23:04] [Server thread/INFO]: Sapling Growth Modifier: 100%
[17:23:04] [Server thread/INFO]: Wheat Growth Modifier: 100%
[17:23:04] [Server thread/INFO]: NetherWart Growth Modifier: 100%
[17:23:04] [Server thread/INFO]: Vine Growth Modifier: 100%
[17:23:04] [Server thread/INFO]: Cocoa Growth Modifier: 100%
[17:23:04] [Server thread/INFO]: Experience Merge Radius: 3.0
[17:23:04] [Server thread/INFO]: Nerfing mobs spawned from spawners: false
[17:23:04] [Server thread/INFO]: Zombie Aggressive Towards Villager: true
[17:23:04] [Server thread/INFO]: Max Entity Collisions: 8
[17:23:04] [Server thread/INFO]: Custom Map Seeds:  Village: 10387312 Feature: 14357617
[17:23:08] [Server thread/INFO]: -------- World Settings For [world_nether] --------
[17:23:08] [Server thread/INFO]: Arrow Despawn Rate: 1200
[17:23:08] [Server thread/INFO]: Allow Zombie Pigmen to spawn from portal blocks: true
[17:23:08] [Server thread/INFO]: Item Despawn Rate: 6000
[17:23:08] [Server thread/INFO]: Item Merge Radius: 2.5
[17:23:08] [Server thread/INFO]: View Distance: 4
[17:23:08] [Server thread/INFO]: Random Lighting Updates: false
[17:23:08] [Server thread/INFO]: Max TNT Explosions: 100
[17:23:08] [Server thread/INFO]: Tile Max Tick Time: 50ms Entity max Tick Time: 50ms
[17:23:08] [Server thread/INFO]: Entity Activation Range: An 32 / Mo 32 / Mi 16
[17:23:08] [Server thread/INFO]: Structure Info Saving: true
[17:23:08] [Server thread/INFO]: Entity Tracking Range: Pl 48 / An 48 / Mo 48 / Mi 32 / Other 64
[17:23:08] [Server thread/INFO]: Hopper Transfer: 8 Hopper Check: 8 Hopper Amount: 1
[17:23:08] [Server thread/INFO]: Mob Spawn Range: 4
[17:23:08] [Server thread/INFO]: Cactus Growth Modifier: 100%
[17:23:08] [Server thread/INFO]: Cane Growth Modifier: 100%
[17:23:08] [Server thread/INFO]: Melon Growth Modifier: 100%
[17:23:08] [Server thread/INFO]: Mushroom Growth Modifier: 100%
[17:23:08] [Server thread/INFO]: Pumpkin Growth Modifier: 100%
[17:23:08] [Server thread/INFO]: Sapling Growth Modifier: 100%
[17:23:08] [Server thread/INFO]: Wheat Growth Modifier: 100%
[17:23:08] [Server thread/INFO]: NetherWart Growth Modifier: 100%
[17:23:08] [Server thread/INFO]: Vine Growth Modifier: 100%
[17:23:08] [Server thread/INFO]: Cocoa Growth Modifier: 100%
[17:23:08] [Server thread/INFO]: Experience Merge Radius: 3.0
[17:23:08] [Server thread/INFO]: Nerfing mobs spawned from spawners: false
[17:23:08] [Server thread/INFO]: Zombie Aggressive Towards Villager: true
[17:23:08] [Server thread/INFO]: Max Entity Collisions: 8
[17:23:08] [Server thread/INFO]: Custom Map Seeds:  Village: 10387312 Feature: 14357617
[17:23:08] [Server thread/INFO]: -------- World Settings For [world_the_end] --------
[17:23:08] [Server thread/INFO]: Arrow Despawn Rate: 1200
[17:23:08] [Server thread/INFO]: Allow Zombie Pigmen to spawn from portal blocks: true
[17:23:08] [Server thread/INFO]: Item Despawn Rate: 6000
[17:23:08] [Server thread/INFO]: Item Merge Radius: 2.5
[17:23:08] [Server thread/INFO]: View Distance: 4
[17:23:08] [Server thread/INFO]: Random Lighting Updates: false
[17:23:08] [Server thread/INFO]: Max TNT Explosions: 100
[17:23:08] [Server thread/INFO]: Tile Max Tick Time: 50ms Entity max Tick Time: 50ms
[17:23:08] [Server thread/INFO]: Entity Activation Range: An 32 / Mo 32 / Mi 16
[17:23:08] [Server thread/INFO]: Structure Info Saving: true
[17:23:08] [Server thread/INFO]: Entity Tracking Range: Pl 48 / An 48 / Mo 48 / Mi 32 / Other 64
[17:23:08] [Server thread/INFO]: Hopper Transfer: 8 Hopper Check: 8 Hopper Amount: 1
[17:23:08] [Server thread/INFO]: Mob Spawn Range: 4
[17:23:08] [Server thread/INFO]: Cactus Growth Modifier: 100%
[17:23:08] [Server thread/INFO]: Cane Growth Modifier: 100%
[17:23:08] [Server thread/INFO]: Melon Growth Modifier: 100%
[17:23:08] [Server thread/INFO]: Mushroom Growth Modifier: 100%
[17:23:08] [Server thread/INFO]: Pumpkin Growth Modifier: 100%
[17:23:08] [Server thread/INFO]: Sapling Growth Modifier: 100%
[17:23:08] [Server thread/INFO]: Wheat Growth Modifier: 100%
[17:23:08] [Server thread/INFO]: NetherWart Growth Modifier: 100%
[17:23:08] [Server thread/INFO]: Vine Growth Modifier: 100%
[17:23:08] [Server thread/INFO]: Cocoa Growth Modifier: 100%
[17:23:08] [Server thread/INFO]: Experience Merge Radius: 3.0
[17:23:08] [Server thread/INFO]: Nerfing mobs spawned from spawners: false
[17:23:08] [Server thread/INFO]: Zombie Aggressive Towards Villager: true
[17:23:08] [Server thread/INFO]: Max Entity Collisions: 8
[17:23:08] [Server thread/INFO]: Custom Map Seeds:  Village: 10387312 Feature: 14357617
[17:23:08] [Server thread/INFO]: Preparing start region for level 0 (Seed: -9037794382421233097)
[17:23:09] [Server thread/INFO]: Preparing spawn area: 47%
[17:23:10] [Server thread/INFO]: Preparing spawn area: 91%
[17:23:11] [Server thread/INFO]: Preparing start region for level 1 (Seed: -3005602080784247995)
[17:23:12] [Server thread/INFO]: Preparing spawn area: 48%
[17:23:13] [Server thread/INFO]: Preparing start region for level 2 (Seed: -3005602080784247995)
[17:23:13] [Server thread/INFO]: [sTablist] Enabling sTablist v2.4.8
[17:23:13] [Server thread/WARN]: [sTablist] Could not save config.yml to plugins\sTablist\config.yml because config.yml already exists.
[17:23:13] [Server thread/WARN]: [sTablist] Could not save groups.yml to plugins\sTablist\Prefixes-And-Suffixes\groups.yml because groups.yml already exists.
[17:23:13] [Server thread/INFO]: [sTablist] Tab Update Task was started in 1 Millis!
[17:23:13] [Server thread/INFO]: [sTablist] Found Compatible Packets v1_10_R1.
[17:23:13] [Server thread/INFO]: [sTablist] Started in 79 Millis!
[17:23:13] [Server thread/INFO]: [EmeraldDonation] Enabling EmeraldDonation v0.3
[17:23:13] [Server thread/INFO]: [Administration_Panel] Enabling Administration_Panel v1.1.0
[17:23:13] [Server thread/INFO]: [0;37;22m[[0;36;1mAdministration[0;36;22mPanel[0;37;22m][0;37;1m: [0;31;1m[0;31;1mAdministration_Panel v1.1.0 has been enabled![m
[17:23:13] [Server thread/INFO]: [AppleJoin] Enabling AppleJoin v1.0
[17:23:13] [Server thread/INFO]: [AppleJoin] Loading config...
[17:23:13] [Server thread/INFO]: [AppleJoin] Configuration loaded.
[17:23:13] [Server thread/INFO]: [AppleJoin] AppleJoin enabled.
[17:23:13] [Server thread/INFO]: [DynPad] Enabling DynPad v1.5
[17:23:13] [Server thread/INFO]: [SkinsRestorer] Enabling SkinsRestorer v12.5.4
[17:23:13] [Server thread/INFO]: [0;32;1mDetected Minecraft [0;33;1mv1_10_R1[0;32;1m, using [0;33;1mUniversalSkinFactory[m
[17:23:14] [Server thread/INFO]: [m
[17:23:14] [Server thread/INFO]: [0;32;1m    +===============+[m
[17:23:14] [Server thread/INFO]: [0;32;1m    | SkinsRestorer |[m
[17:23:14] [Server thread/INFO]: [0;32;1m    +===============+[m
[17:23:14] [Server thread/INFO]: [m
[17:23:14] [Server thread/INFO]: [0;36;1m    Current version: [0;31;1m12.5.4[m
[17:23:14] [Server thread/INFO]: [0;31;1m    A new version is available![m
[17:23:14] [Server thread/INFO]: [m
[17:23:14] [Server thread/INFO]: [GiftCode] Enabling GiftCode v1.3.1
[17:23:14] [Server thread/INFO]: [ServerProtector] Enabling ServerProtector v1.0
[17:23:14] [Server thread/INFO]: [ViaVersion] Enabling ViaVersion v0.9.2
[17:23:14] [Server thread/INFO]: [HideStream] Enabling HideStream v3.8
[17:23:14] [Server thread/INFO]: [HideStream] Version 3.8 enabled.
[17:23:14] [Server thread/INFO]: [SignColorz] Enabling SignColorz v1.2
[17:23:14] [Server thread/INFO]: [SignColorz] v1.2enabled!
[17:23:14] [Server thread/INFO]: [WorldEdit] Enabling WorldEdit v6.1;no_git_id
[17:23:15] [Server thread/INFO]: WEPIF: Using the Bukkit Permissions API.
[17:23:15] [Server thread/WARN]: [WorldEdit] 
**********************************************
** This WorldEdit version does not fully support your version of Bukkit.
**
** When working with blocks or undoing, chests will be empty, signs
** will be blank, and so on. There will be no support for entity
** and biome-related functions.
**
** Please see http://wiki.sk89q.com/wiki/WorldEdit/Bukkit_adapters
**********************************************

[17:23:15] [Server thread/INFO]: [TimTheEnchanter] Enabling TimTheEnchanter v2.0
[17:23:15] [Server thread/INFO]: [Tim] Ignoring custom name "sharpness". Bad enchantment ID
[17:23:15] [Server thread/INFO]: [Tim] Ignoring custom name "sharp". Bad enchantment ID
[17:23:15] [Server thread/INFO]: [Tim] Ignoring custom name "smite". Bad enchantment ID
[17:23:15] [Server thread/INFO]: [Tim] Ignoring custom name "baneofarthropods". Bad enchantment ID
[17:23:15] [Server thread/INFO]: [Tim] Ignoring custom name "knockback". Bad enchantment ID
[17:23:15] [Server thread/INFO]: [Tim] Ignoring custom name "fireaspect". Bad enchantment ID
[17:23:15] [Server thread/INFO]: [Tim] Ignoring custom name "looting". Bad enchantment ID
[17:23:15] [Server thread/INFO]: [Tim] Ignoring custom name "loot". Bad enchantment ID
[17:23:15] [Server thread/INFO]: [Tim] Ignoring custom name "efficiency". Bad enchantment ID
[17:23:15] [Server thread/INFO]: [Tim] Ignoring custom name "efficient". Bad enchantment ID
[17:23:15] [Server thread/INFO]: [Tim] Ignoring custom name "silktouch". Bad enchantment ID
[17:23:15] [Server thread/INFO]: [Tim] Ignoring custom name "unbreaking". Bad enchantment ID
[17:23:15] [Server thread/INFO]: [Tim] Ignoring custom name "fortune". Bad enchantment ID
[17:23:15] [Server thread/INFO]: [Tim] Ignoring custom name "power". Bad enchantment ID
[17:23:15] [Server thread/INFO]: [Tim] Ignoring custom name "punch". Bad enchantment ID
[17:23:15] [Server thread/INFO]: [Tim] Ignoring custom name "flame". Bad enchantment ID
[17:23:15] [Server thread/INFO]: [Tim] There are some who call me... Tim?
[17:23:15] [Server thread/INFO]: [HealthBar] Enabling HealthBar v1.8.1
[17:23:15] [Server thread/ERROR]: Error occurred while enabling HealthBar v1.8.1 (Is it up to date?)
java.lang.NoSuchMethodError: org.bukkit.Bukkit.getOnlinePlayers()[Lorg/bukkit/entity/Player;
	at com.gmail.filoghost.healthbar.MiscListeners.loadConfiguration(MiscListeners.java:324) ~[?:?]
	at com.gmail.filoghost.healthbar.Main.reloadConfigFromDisk(Main.java:123) ~[?:?]
	at com.gmail.filoghost.healthbar.Main.onEnable(Main.java:68) ~[?:?]
	at org.bukkit.plugin.java.JavaPlugin.setEnabled(JavaPlugin.java:292) ~[spigot.jar:git-Spigot-f9671b8-4d87c34]
	at org.bukkit.plugin.java.JavaPluginLoader.enablePlugin(JavaPluginLoader.java:337) [spigot.jar:git-Spigot-f9671b8-4d87c34]
	at org.bukkit.plugin.SimplePluginManager.enablePlugin(SimplePluginManager.java:405) [spigot.jar:git-Spigot-f9671b8-4d87c34]
	at org.bukkit.craftbukkit.v1_10_R1.CraftServer.enablePlugin(CraftServer.java:373) [spigot.jar:git-Spigot-f9671b8-4d87c34]
	at org.bukkit.craftbukkit.v1_10_R1.CraftServer.enablePlugins(CraftServer.java:323) [spigot.jar:git-Spigot-f9671b8-4d87c34]
	at net.minecraft.server.v1_10_R1.MinecraftServer.t(MinecraftServer.java:412) [spigot.jar:git-Spigot-f9671b8-4d87c34]
	at net.minecraft.server.v1_10_R1.MinecraftServer.l(MinecraftServer.java:377) [spigot.jar:git-Spigot-f9671b8-4d87c34]
	at net.minecraft.server.v1_10_R1.MinecraftServer.a(MinecraftServer.java:332) [spigot.jar:git-Spigot-f9671b8-4d87c34]
	at net.minecraft.server.v1_10_R1.DedicatedServer.init(DedicatedServer.java:271) [spigot.jar:git-Spigot-f9671b8-4d87c34]
	at net.minecraft.server.v1_10_R1.MinecraftServer.run(MinecraftServer.java:535) [spigot.jar:git-Spigot-f9671b8-4d87c34]
	at java.lang.Thread.run(Unknown Source) [?:1.8.0_74]
[17:23:15] [Server thread/INFO]: [OpenInv] Enabling OpenInv v3.0.6
[17:23:16] [Server thread/INFO]: [Essentials] Enabling Essentials vTeamCity
[17:23:16] [Server thread/INFO]: Bukkit version format changed. Version not checked.
[17:23:16] [Server thread/INFO]: git-Spigot-f9671b8-4d87c34 (MC: 1.10.2)
[17:23:16] [Server thread/INFO]: 1.10.2-R0.1-SNAPSHOT
[17:23:16] [Server thread/INFO]: Using locale ru
[17:23:16] [Server thread/INFO]: Using locale ru
[17:23:16] [Server thread/INFO]: [Vault][Economy] Essentials Economy hooked.
[17:23:16] [Server thread/INFO]: Essentials: Using config file enhanced permissions.
[17:23:16] [Server thread/INFO]: Permissions listed in as player-commands will be given to all users.
[17:23:16] [Server thread/INFO]: [Essentials] Payment method found (Vault - Economy: iConomy  version: 1.5.6-b49)
[17:23:16] [Server thread/INFO]: [SimpleDupe] Enabling SimpleDupe v1.0
[17:23:16] [Server thread/INFO]: [ClearLag] Enabling ClearLag v2.9.3
[17:23:16] [Server thread/INFO]: [ClearLag] Loading modules...
[17:23:16] [Server thread/INFO]: [ClearLag] Modules enabed, loading config values
[17:23:16] [Server thread/INFO]: [ClearLag] Modules have been loaded!
[17:23:16] [Server thread/INFO]: [ClearLag] Clearlag is now enabled!
[17:23:16] [Server thread/INFO]: [AutoMessage] Enabling AutoMessage v2.5.5
[17:23:16] [Server thread/INFO]: [Passport] Enabling Passport v1.0
[17:23:16] [Server thread/INFO]: [Chairs] Enabling Chairs v4.9
[17:23:16] [Server thread/INFO]: [Chairs] Allowed block: WOOD_STAIRS => 0.7
[17:23:16] [Server thread/INFO]: [Chairs] Allowed block: SPRUCE_WOOD_STAIRS => 0.7
[17:23:16] [Server thread/INFO]: [Chairs] Allowed block: JUNGLE_WOOD_STAIRS => 0.7
[17:23:16] [Server thread/INFO]: [Chairs] Allowed block: BIRCH_WOOD_STAIRS => 0.7
[17:23:16] [Server thread/INFO]: [Chairs] Allowed block: SANDSTONE_STAIRS => 0.7
[17:23:16] [Server thread/INFO]: [Chairs] Allowed block: COBBLESTONE_STAIRS => 0.7
[17:23:16] [Server thread/INFO]: [Chairs] Allowed block: BRICK_STAIRS => 0.7
[17:23:16] [Server thread/INFO]: [Chairs] Allowed block: SMOOTH_STAIRS => 0.7
[17:23:16] [Server thread/INFO]: [Chairs] Allowed block: NETHER_BRICK_STAIRS => 0.7
[17:23:16] [Server thread/INFO]: [Chairs] Allowed block: QUARTZ_STAIRS => 0.7
[17:23:16] [Server thread/INFO]: [Chairs] Allowed block: ACACIA_STAIRS => 0.7
[17:23:16] [Server thread/INFO]: [Chairs] Allowed block: DARK_OAK_STAIRS => 0.7
[17:23:16] [Server thread/INFO]: [Chairs] Allowed block: RED_SANDSTONE_STAIRS => 0.7
[17:23:16] [Server thread/INFO]: [MultiMOTD] Enabling MultiMOTD v1.2.2
[17:23:16] [Server thread/INFO]: [WorldBorder] Enabling WorldBorder v1.8.4
[17:23:16] [Server thread/INFO]: [WorldBorder] [CONFIG] Using elliptic/round border, knockback of 3.0 blocks, and timer delay of 5.
[17:23:16] [Server thread/INFO]: [WorldBorder] [CONFIG] Border-checking timed task started.
[17:23:16] [Server thread/INFO]: [WorldBorder] For reference, the main world's spawn location is at X: -1034,0 Y: 63,0 Z: -238,0
[17:23:16] [Server thread/INFO]: [ColorHelp] Enabling ColorHelp v1.2
[17:23:16] [Server thread/INFO]: [ColorHelp] Plugin successfully started!
[17:23:16] [Server thread/INFO]: [ColorHelp] http://dev.bukkit.org/bukkit-plugins/colorhelp
[17:23:16] [Server thread/INFO]: [MCCore] Enabling MCCore v1.58
[17:23:16] [Server thread/INFO]: Server version: 11002
[17:23:17] [Server thread/INFO]: [NoCheatPlus] Enabling NoCheatPlus v3.15.0-SNAPSHOT-sMD5NET-b1022
[17:23:17] [Server thread/INFO]: [NoCheatPlus] McAccess set to: 1.10 / Spigot-CB-1.10_R1
[17:23:17] [Server thread/INFO]: [NoCheatPlus] Added block-info for Minecraft 1.5 blocks.
[17:23:17] [Server thread/INFO]: [NoCheatPlus] Added block-info for Minecraft 1.6.1 blocks.
[17:23:17] [Server thread/INFO]: [NoCheatPlus] Added block-info for Minecraft 1.7.2 blocks.
[17:23:17] [Server thread/INFO]: [NoCheatPlus] Added block-info for Minecraft 1.8 blocks.
[17:23:17] [Server thread/INFO]: [NoCheatPlus] Added block-info for Minecraft 1.9 blocks.
[17:23:17] [Server thread/INFO]: [NoCheatPlus] Added block-info for Minecraft 1.10 blocks.
[17:23:17] [Server thread/INFO]: [NoCheatPlus] Inventory checks: FastConsume is available, disabled InstantEat.
[17:23:17] [Server thread/INFO]: [NoCheatPlus] Adding packet level hooks for ProtocolLib (MC 1.10.2)...
[17:23:17] [Server thread/INFO]: [NoCheatPlus] Available (and activated) packet level hooks: UseEntityAdapter | MovingFlying | OutgoingPosition | KeepAliveAdapter | SoundDistance
[17:23:18] [Server thread/INFO]: [NoCheatPlus] Force disable FastHeal on Minecraft 1.9 and later.
[17:23:18] [Server thread/INFO]: [NoCheatPlus] Version 3.15.0-SNAPSHOT-sMD5NET-b1022 is enabled.
[17:23:18] [Server thread/INFO]: [ItemFixer] Enabling ItemFixer v2.6.3
[17:23:18] [Server thread/INFO]: [0;36;1m[ItemFixer] [0;32;1mItemFixer включен[m
[17:23:18] [Server thread/INFO]: [gwm_Library] Enabling GWMLibrary v1.5
[17:23:18] [Server thread/INFO]: [gwm_Library] GWM Bukkit Library enabled!
[17:23:18] [Server thread/INFO]: [Death_Messages_Plus] Enabling Death_Messages_Plus v1.05
[17:23:18] [Server thread/INFO]: Death_Messages_Plus Version 1.05 Has been enabled! :D
[17:23:18] [Server thread/INFO]: File is there.
[17:23:18] [Server thread/INFO]: [OPSRegion] Enabling OPSRegion v1.0
[17:23:18] [Server thread/INFO]: [ItemCases] Enabling ItemCases v1.5.1
[17:23:18] [Server thread/INFO]: [ItemCases] Loading Cases
[17:23:18] [Server thread/INFO]: [ItemCases] 11 Case(s) Loaded.
[17:23:18] [Server thread/INFO]: [ItemCases] Loading Item Names file
[17:23:18] [Server thread/INFO]: [ItemCases] 424 Item Names Loaded
[17:23:18] [Server thread/INFO]: [ItemCases] Loading extra data names now.
[17:23:19] [Server thread/INFO]: [iConomy] Enabling iConomy v7.0
[17:23:19] [Server thread/INFO]: [iConomy - April Fools] Enabled (49 ms)
[17:23:19] [Server thread/INFO]: [iConomy] Hello, I'm Nijikokun. Yes, this is an April Fools joke, but '/money top' was fixed! Enjoy :) - Rare Version!
[17:23:19] [Server thread/INFO]: [Vault][Economy] iConomy 7 hooked.
[17:23:19] [Server thread/INFO]: [PermissionsEx] Enabling PermissionsEx v1.23.4
[17:23:19] [Server thread/INFO]: [PermissionsEx] Initializing file backend
[17:23:19] [Server thread/INFO]: [PermissionsEx] Permissions file successfully reloaded
[17:23:19] [Server thread/INFO]: WEPIF: PermissionsEx detected! Using PermissionsEx for permissions.
[17:23:19] [Server thread/INFO]: [Vault][Permission] PermissionsEx hooked.
[17:23:19] [Server thread/INFO]: [Vault][Chat] PermissionsEx_Chat hooked.
[17:23:19] [Server thread/INFO]: Essentials: Using PermissionsEx based permissions.
[17:23:19] [Thread-16/INFO]: [iConomy - April Fools] Purged accounts with default balance.
[17:23:19] [Server thread/INFO]: [NoFlyPvp] Enabling NoFlyPvp v1.1.4
[17:23:19] [Server thread/WARN]: [Fatal Error] :1:1: Premature end of file.

[17:23:19] [Server thread/INFO]: [NoFlyPvp] Enabled version v1.1.4
[17:23:19] [Server thread/INFO]: [DonateJoin] Enabling DonateJoin v1.0
[17:23:19] [Server thread/INFO]: [DonateJoin] By Leymooo включён!
[17:23:19] [Server thread/INFO]: [HolographicDisplays] Enabling HolographicDisplays v2.2
[17:23:19] [Server thread/INFO]: [HolographicDisplays] Found ProtocolLib, adding support for player relative variables.
[17:23:19] [Server thread/INFO]: [KillerMoney] Enabling KillerMoney v2.1
[17:23:19] [Server thread/INFO]: [KillerMoney] Wrong locale setup, using "en"
[17:23:19] [Server thread/INFO]: [KillerMoney] Vault initialized
[17:23:19] [Server thread/INFO]: [KillerMoney] Metrics initialized
[17:23:19] [Server thread/INFO]: [KillerMoney] MobArena initialization failed
[17:23:20] [Server thread/INFO]: [KillerMoney] Update not found
[17:23:20] [Server thread/INFO]: [AntiRelog] Enabling AntiRelog v1.3.2
[17:23:20] [Server thread/INFO]: [0;36;1m_________[0;35;1mAntiRelog++[0;36;1m_________[m
[17:23:20] [Server thread/INFO]: [0;33;1mUsing Essentials: [0;32;1mtrue[m
[17:23:20] [Server thread/INFO]: [0;33;1mEnable apple cooldown: [0;32;1mtrue [0;31;1mCooldown: [0;32;1m40[m
[17:23:20] [Server thread/INFO]: [0;33;1mChecks enabled: [0;32;1mtrue[m
[17:23:20] [Server thread/INFO]: [0;33;1mRemove death message: [0;32;1mtrue[m
[17:23:20] [Server thread/INFO]: [0;33;1mRemove kick message: [0;32;1mtrue[m
[17:23:20] [Server thread/INFO]: [0;33;1mRemove leave message: [0;32;1mtrue[m
[17:23:20] [Server thread/INFO]: [0;33;1mRemove join message: [0;32;1mtrue[m
[17:23:20] [Server thread/INFO]: [0;33;1mKill on leave: [0;32;1mtrue[m
[17:23:20] [Server thread/INFO]: [0;33;1mKill on command: [0;31;1mfalse[m
[17:23:20] [Server thread/INFO]: [0;36;1m_____________________________[m
[17:23:20] [Server thread/INFO]: [Marriage] Enabling Marriage v2.0.13
[17:23:20] [Server thread/INFO]: [Marriage] Loading config...
[17:23:20] [Server thread/INFO]: REQUEST_EXPRY
[17:23:20] [Server thread/INFO]: ENABLE_PRIEST
[17:23:20] [Server thread/INFO]: COOLDOWN_KISS
[17:23:20] [Server thread/INFO]: GENDER_IN_LIST
[17:23:20] [Server thread/INFO]: PM_FORMAT
[17:23:20] [Server thread/INFO]: CHAT_FORMAT
[17:23:20] [Server thread/INFO]: CHATSPY_FORMAT
[17:23:20] [Server thread/INFO]: FORCE_FORMAT
[17:23:20] [Server thread/INFO]: FORCE_GENDER_FORMAT
[17:23:20] [Server thread/INFO]: PREFIX_MALE
[17:23:20] [Server thread/INFO]: PREFIX_FEMALE
[17:23:20] [Server thread/INFO]: PREFIX_GENDERLESS
[17:23:20] [Server thread/INFO]: KISSES_ENABLED
[17:23:20] [Server thread/INFO]: KISSES_AMOUNT_MIN
[17:23:20] [Server thread/INFO]: KISSES_AMOUNT_MAX
[17:23:20] [Server thread/INFO]: EXP_BOOST_ENABLED
[17:23:20] [Server thread/INFO]: EXP_BOOST_DISTANCE
[17:23:20] [Server thread/INFO]: EXP_BOOST_MULTIPLIER
[17:23:20] [Server thread/INFO]: EXP_BOOST_ANNOUNCE
[17:23:20] [Server thread/INFO]: PLOTSQUARED_AUTO_TRUST
[17:23:20] [Server thread/INFO]: ECONOMY_ENABLED
[17:23:20] [Server thread/INFO]: ECONOMY_SHOW_PRICE
[17:23:20] [Server thread/INFO]: PRICE_MARRY
[17:23:20] [Server thread/INFO]: PRICE_TELEPORT
[17:23:20] [Server thread/INFO]: PRICE_SETHOME
[17:23:20] [Server thread/INFO]: PRICE_HEAL
[17:23:20] [Server thread/INFO]: PRICE_DIVORCE
[17:23:20] [Server thread/INFO]: ENABLE_UPDATE_CHACKER
[17:23:20] [Server thread/INFO]: ENABLE_CHANGELOG
[17:23:20] [Server thread/INFO]: UPDATER_CHANNEL
[17:23:20] [Server thread/INFO]: DISABLED_COMMANDS
[17:23:20] [Server thread/INFO]: [Marriage] Hooked with PermissionsEx using Vault!
[17:23:20] [Server thread/INFO]: [Marriage] Loading dependencies...
[17:23:20] [Server thread/INFO]: [Marriage] Loading commands...
[17:23:20] [Server thread/INFO]: [Marriage] Loading listeners...
[17:23:20] [Server thread/INFO]: [Marriage] Loading database...
[17:23:20] [Server thread/INFO]: [Marriage] Loading updater...
[17:23:20] [Server thread/INFO]: [Marriage] Loading converter...
[17:23:20] [Server thread/INFO]: [Marriage] Completed plugin load stage.
[17:23:20] [Server thread/INFO]: [WorldGuard] Enabling WorldGuard v6.1.1-SNAPSHOT
[17:23:21] [Server thread/INFO]: [WorldGuard] (world) TNT ignition is PERMITTED.
[17:23:21] [Server thread/INFO]: [WorldGuard] (world) Lighters are PERMITTED.
[17:23:21] [Server thread/INFO]: [WorldGuard] (world) Lava fire is blocked.
[17:23:21] [Server thread/INFO]: [WorldGuard] (world) All fire spread is disabled.
[17:23:21] [Server thread/INFO]: [WorldGuard] Loaded configuration for world 'world'
[17:23:21] [Server thread/INFO]: [WorldGuard] (world_nether) TNT ignition is PERMITTED.
[17:23:21] [Server thread/INFO]: [WorldGuard] (world_nether) Lighters are PERMITTED.
[17:23:21] [Server thread/INFO]: [WorldGuard] (world_nether) Lava fire is blocked.
[17:23:21] [Server thread/INFO]: [WorldGuard] (world_nether) All fire spread is disabled.
[17:23:21] [Server thread/INFO]: [WorldGuard] Loaded configuration for world 'world_nether'
[17:23:21] [Server thread/INFO]: [WorldGuard] (world_the_end) TNT ignition is PERMITTED.
[17:23:21] [Server thread/INFO]: [WorldGuard] (world_the_end) Lighters are PERMITTED.
[17:23:21] [Server thread/INFO]: [WorldGuard] (world_the_end) Lava fire is blocked.
[17:23:21] [Server thread/INFO]: [WorldGuard] (world_the_end) All fire spread is disabled.
[17:23:21] [Server thread/INFO]: [WorldGuard] Loaded configuration for world 'world_the_end'
[17:23:21] [Server thread/INFO]: [WorldGuard] Loading region data...
[17:23:21] [Server thread/INFO]: [ChestCommands] Enabling ChestCommands v3.1.4
[17:23:22] [Server thread/INFO]: [RandomPort] Enabling RandomPort v3.0
[17:23:22] [Server thread/INFO]: [RandomPort] has been enabled.
[17:23:22] [Server thread/INFO]: [RandomPort] has successfully loaded setup from the configuration file!
[17:23:22] [Server thread/INFO]: [RandomPort]is avoiding Block Id's [7, 8, 9, 10, 11]
[17:23:22] [Server thread/INFO]: [RandomPort] has found PermissionsEx! Using Pex for permissions!
[17:23:22] [Server thread/INFO]: [EssentialsSpawn] Enabling EssentialsSpawn vTeamCity
[17:23:22] [Server thread/INFO]: [TitleManager] Enabling TitleManager v1.5.12
[17:23:22] [Server thread/INFO]: [BlockVersion] Enabling BlockVersion v1.2
[17:23:22] [Server thread/INFO]: [Timeismoney] Enabling Timeismoney v1.3
[17:23:22] [Server thread/INFO]: [Timeismoney] Vault dependency found. Economy plugin found: iConomy 7
[17:23:22] [Server thread/ERROR]: Error occurred while enabling Timeismoney v1.3 (Is it up to date?)
java.lang.NoSuchMethodError: org.bukkit.Server.getOnlinePlayers()[Lorg/bukkit/entity/Player;
	at me.Phil.Timeismoney.Timeismoney.loadAll(Timeismoney.java:260) ~[?:?]
	at me.Phil.Timeismoney.Timeismoney.onEnable(Timeismoney.java:166) ~[?:?]
	at org.bukkit.plugin.java.JavaPlugin.setEnabled(JavaPlugin.java:292) ~[spigot.jar:git-Spigot-f9671b8-4d87c34]
	at org.bukkit.plugin.java.JavaPluginLoader.enablePlugin(JavaPluginLoader.java:337) [spigot.jar:git-Spigot-f9671b8-4d87c34]
	at org.bukkit.plugin.SimplePluginManager.enablePlugin(SimplePluginManager.java:405) [spigot.jar:git-Spigot-f9671b8-4d87c34]
	at org.bukkit.craftbukkit.v1_10_R1.CraftServer.enablePlugin(CraftServer.java:373) [spigot.jar:git-Spigot-f9671b8-4d87c34]
	at org.bukkit.craftbukkit.v1_10_R1.CraftServer.enablePlugins(CraftServer.java:323) [spigot.jar:git-Spigot-f9671b8-4d87c34]
	at net.minecraft.server.v1_10_R1.MinecraftServer.t(MinecraftServer.java:412) [spigot.jar:git-Spigot-f9671b8-4d87c34]
	at net.minecraft.server.v1_10_R1.MinecraftServer.l(MinecraftServer.java:377) [spigot.jar:git-Spigot-f9671b8-4d87c34]
	at net.minecraft.server.v1_10_R1.MinecraftServer.a(MinecraftServer.java:332) [spigot.jar:git-Spigot-f9671b8-4d87c34]
	at net.minecraft.server.v1_10_R1.DedicatedServer.init(DedicatedServer.java:271) [spigot.jar:git-Spigot-f9671b8-4d87c34]
	at net.minecraft.server.v1_10_R1.MinecraftServer.run(MinecraftServer.java:535) [spigot.jar:git-Spigot-f9671b8-4d87c34]
	at java.lang.Thread.run(Unknown Source) [?:1.8.0_74]
[17:23:22] [Server thread/INFO]: [ChangeSkin] Enabling ChangeSkin v2.3.2
[17:23:23] [Server thread/INFO]: HikariPool-1 - Started.
[17:23:23] [Server thread/INFO]: HikariPool-1 - Driver does not support get/set network timeout for connections. (org.sqlite.Conn.getNetworkTimeout()I)
[17:23:23] [Server thread/INFO]: [Jobs] Enabling Jobs v3.5.7
[17:23:24] [Server thread/INFO]: [0;33;1m[Jobs] Loaded 8 titles![m
[17:23:24] [Server thread/INFO]: [0;33;1m[Jobs] Loaded 0 restricted areas![m
[17:23:24] [Server thread/INFO]: [0;33;1m[Jobs] Loaded 10 restricted blocks![m
[17:23:24] [Server thread/INFO]: [0;33;1m[Jobs] Loaded 24 restricted blocks timers![m
[17:23:24] [Server thread/INFO]: [0;33;1m[Jobs] Loaded 24 restricted place blocks timers![m
[17:23:24] [Server thread/INFO]: [0;33;1m[Jobs] Loaded 641 custom item names![m
[17:23:24] [Server thread/INFO]: [0;33;1m[Jobs] Loaded 41 custom entity names![m
[17:23:24] [Server thread/INFO]: [0;33;1m[Jobs] Loaded 27 custom enchant names![m
[17:23:24] [Server thread/INFO]: [0;33;1m[Jobs] Loaded 16 custom color names![m
[17:23:25] [Server thread/INFO]: [0;33;1m[Jobs] Loaded 10 jobs![m
[17:23:25] [Server thread/INFO]: [0;33;22m[Jobs] Explorer jobs manager are not enabled![m
[17:23:25] [Jobs-DatabaseSaveTask/INFO]: [0;33;1m[Jobs] Started database save task.[m
[17:23:25] [Jobs-BufferedPaymentThread/INFO]: [0;33;1m[Jobs] Started buffered payment thread.[m
[17:23:25] [Server thread/INFO]: [0;33;1m[Jobs] Preloaded 28 players data in 0.04[m
[17:23:25] [Server thread/INFO]: [0;33;1m[Jobs] Plugin has been enabled succesfully.[m
[17:23:25] [Server thread/INFO]: [ScoreboardStats] Enabling ScoreboardStats v0.9.11
[17:23:25] [Server thread/INFO]: [ScoreboardStats] The variable &a&l⬆ Онлайн has to contain % at the beginning and one % on the end
[17:23:25] [Server thread/INFO]: [ScoreboardStats] Registered replacers: [PlayerPingVariable, BungeeCordVariables, BukkitGlobalVariables, GeneralVariables, VaultVariables, BukkitVariables]
[17:23:25] [Server thread/ERROR]: ebean.properties not found
[17:23:25] [Server thread/INFO]: Using [com.github.games647.scoreboardstats.pvpstats.PathReader] to read the searchable class path
[17:23:25] [Server thread/INFO]: DataSourcePool [ScoreboardStats] autoCommit[false] transIsolation[SERIALIZABLE] min[2] max[20]
[17:23:25] [Server thread/INFO]: SubClassFactory parent ClassLoader [com.github.games647.scoreboardstats.ReloadFixLoader]
[17:23:26] [Server thread/INFO]: Entities enhanced[0] subclassed[1]
[17:23:26] [Server thread/INFO]: runScript
[17:23:26] [Server thread/INFO]: executing 1 of 1 create table IF NOT EXISTS player_stats ( id                        integer prim...
[17:23:26] [Server thread/INFO]: ... end of script
[17:23:26] [Server thread/INFO]: [ColoredTags] Enabling ColoredTags v2.1.3
[17:23:26] [Server thread/INFO]: [ColoredTags] Hooked HealthBar plugin!
[17:23:26] [Server thread/INFO]: [WGExtender] Enabling WGExtender v1.0
[17:23:26] [Server thread/ERROR]: Error occurred while enabling WGExtender v1.0 (Is it up to date?)
java.lang.NoSuchMethodError: com.sk89q.worldguard.bukkit.WorldGuardPlugin.getFlagRegistry()Lcom/sk89q/worldguard/protection/flags/registry/FlagRegistry;
	at wgextender.Config.loadcfg(Config.java:108) ~[?:?]
	at wgextender.Config.loadConfig(Config.java:74) ~[?:?]
	at wgextender.WGExtender.onEnable(WGExtender.java:75) ~[?:?]
	at org.bukkit.plugin.java.JavaPlugin.setEnabled(JavaPlugin.java:292) ~[spigot.jar:git-Spigot-f9671b8-4d87c34]
	at org.bukkit.plugin.java.JavaPluginLoader.enablePlugin(JavaPluginLoader.java:337) [spigot.jar:git-Spigot-f9671b8-4d87c34]
	at org.bukkit.plugin.SimplePluginManager.enablePlugin(SimplePluginManager.java:405) [spigot.jar:git-Spigot-f9671b8-4d87c34]
	at org.bukkit.craftbukkit.v1_10_R1.CraftServer.enablePlugin(CraftServer.java:373) [spigot.jar:git-Spigot-f9671b8-4d87c34]
	at org.bukkit.craftbukkit.v1_10_R1.CraftServer.enablePlugins(CraftServer.java:323) [spigot.jar:git-Spigot-f9671b8-4d87c34]
	at net.minecraft.server.v1_10_R1.MinecraftServer.t(MinecraftServer.java:412) [spigot.jar:git-Spigot-f9671b8-4d87c34]
	at net.minecraft.server.v1_10_R1.MinecraftServer.l(MinecraftServer.java:377) [spigot.jar:git-Spigot-f9671b8-4d87c34]
	at net.minecraft.server.v1_10_R1.MinecraftServer.a(MinecraftServer.java:332) [spigot.jar:git-Spigot-f9671b8-4d87c34]
	at net.minecraft.server.v1_10_R1.DedicatedServer.init(DedicatedServer.java:271) [spigot.jar:git-Spigot-f9671b8-4d87c34]
	at net.minecraft.server.v1_10_R1.MinecraftServer.run(MinecraftServer.java:535) [spigot.jar:git-Spigot-f9671b8-4d87c34]
	at java.lang.Thread.run(Unknown Source) [?:1.8.0_74]
[17:23:26] [Server thread/INFO]: [BuyRegion] Enabling BuyRegion v1.1.7
[17:23:26] [Server thread/INFO]: [BuyRegion] BuyRegion - Maintained by Luke199
[17:23:26] [Server thread/INFO]: [ChatEx] Enabling ChatEx v1.3
[17:23:26] [Server thread/INFO]: [ChatEx] Loading updater by TheJeterLP. Project id: 65863
[17:23:26] [Server thread/INFO]: [ChatEx] Loading updater-config...
[17:23:26] [Server thread/INFO]: [ChatEx] Done!
[17:23:26] [Server thread/INFO]: [ChatEx] Updatechecker is disabled.
[17:23:26] [Server thread/INFO]: [ChatEx] Successfully hooked into: PermissionsEx
[17:23:26] [Server thread/INFO]: [ChatEx] Listener registered with Priority: LOWEST
[17:23:26] [Server thread/INFO]: [ChatEx] is now enabled!
[17:23:26] [Server thread/INFO]: [UralClans2] Enabling UralClans2 v2.2.8
[17:23:26] [Server thread/INFO]: [0;32;1m[UralClans2] Соединение с базой данных успешно установлено.[m
[17:23:26] [Server thread/INFO]: [0;32;1m[UralClans2] База кланов загружена.[m
[17:23:26] [Server thread/INFO]: [0;32;1m[UralClans2] [0;32;1mПлагин включен (104 ms).[m
[17:23:26] [Server thread/INFO]: [ChestShop] Enabling ChestShop v3.46
[17:23:26] [Server thread/INFO]: [ChestShop] LWC version 4.3.1 (b767-git-MANUAL) (November 15, 2012) loaded.
[17:23:26] [Server thread/INFO]: [ChestShop] Vault loaded - using iConomy 7
[17:23:27] [Server thread/INFO]: [AuthMe] Enabling AuthMe v3.4
[17:23:27] [Server thread/INFO]: [AuthMe] Loading Configuration File...
[17:23:27] [Server thread/INFO]: [AuthMe] Set Language: ru
[17:23:27] [Server thread/INFO]: [AuthMe] Vault plugin detected, hook with PermissionsEx system
[17:23:27] [Server thread/WARN]: [AuthMe] ERROR: Please Update your ChestShop version!
[17:23:27] [Server thread/INFO]: [AuthMe] Hook with Essentials plugin
[17:23:27] [Server thread/INFO]: [AuthMe] Hook with EssentialsSpawn plugin
[17:23:27] [Thread-26/INFO]: [AuthMe] SQLite driver loaded
[17:23:27] [Thread-26/INFO]: [AuthMe] SQLite Setup finished
[17:23:27] [Server thread/ERROR]: Error occurred while enabling AuthMe v3.4 (Is it up to date?)
java.lang.NoSuchMethodError: org.bukkit.Server.getOnlinePlayers()[Lorg/bukkit/entity/Player;
	at fr.xephi.authme.AuthMe.onReload(AuthMe.java:498) ~[?:?]
	at fr.xephi.authme.AuthMe.onEnable(AuthMe.java:309) ~[?:?]
	at org.bukkit.plugin.java.JavaPlugin.setEnabled(JavaPlugin.java:292) ~[spigot.jar:git-Spigot-f9671b8-4d87c34]
	at org.bukkit.plugin.java.JavaPluginLoader.enablePlugin(JavaPluginLoader.java:337) [spigot.jar:git-Spigot-f9671b8-4d87c34]
	at org.bukkit.plugin.SimplePluginManager.enablePlugin(SimplePluginManager.java:405) [spigot.jar:git-Spigot-f9671b8-4d87c34]
	at org.bukkit.craftbukkit.v1_10_R1.CraftServer.enablePlugin(CraftServer.java:373) [spigot.jar:git-Spigot-f9671b8-4d87c34]
	at org.bukkit.craftbukkit.v1_10_R1.CraftServer.enablePlugins(CraftServer.java:323) [spigot.jar:git-Spigot-f9671b8-4d87c34]
	at net.minecraft.server.v1_10_R1.MinecraftServer.t(MinecraftServer.java:412) [spigot.jar:git-Spigot-f9671b8-4d87c34]
	at net.minecraft.server.v1_10_R1.MinecraftServer.l(MinecraftServer.java:377) [spigot.jar:git-Spigot-f9671b8-4d87c34]
	at net.minecraft.server.v1_10_R1.MinecraftServer.a(MinecraftServer.java:332) [spigot.jar:git-Spigot-f9671b8-4d87c34]
	at net.minecraft.server.v1_10_R1.DedicatedServer.init(DedicatedServer.java:271) [spigot.jar:git-Spigot-f9671b8-4d87c34]
	at net.minecraft.server.v1_10_R1.MinecraftServer.run(MinecraftServer.java:535) [spigot.jar:git-Spigot-f9671b8-4d87c34]
	at java.lang.Thread.run(Unknown Source) [?:1.8.0_74]
[17:23:27] [Server thread/INFO]: [ChatGuard] Enabling ChatGuard v7.4
[17:23:27] [Server thread/INFO]: [ChatGuard] ChatGuard enabled!
[17:23:27] [Server thread/INFO]: Server permissions file permissions.yml is empty, ignoring it
[17:23:27] [Server thread/INFO]: Done (23.280s)! For help, type "help" or "?"
[17:23:28] [Craft Scheduler Thread - 2/INFO]: [HideStream] Running updater ..
[17:23:28] [Server thread/INFO]: [0;33;1m[Jobs] Successfully linked with Vault.[m
[17:23:28] [Server thread/INFO]: [NoCheatPlus] Post-enable running...
[17:23:28] [Server thread/INFO]: [NoCheatPlus] Post-enable finished.
[17:23:28] [Server thread/INFO]: [HolographicDisplays] Found a new version available: v2.2.6
[17:23:28] [Server thread/INFO]: [HolographicDisplays] Download it on Bukkit Dev:
[17:23:28] [Server thread/INFO]: [HolographicDisplays] dev.bukkit.org/bukkit-plugins/holographic-displays
[17:23:28] [Craft Scheduler Thread - 2/INFO]: [HideStream] No update was found.
[17:23:28] [Server thread/INFO]: [ViaVersion] ViaVersion detected protocol version: 210
[17:23:28] [Server thread/WARN]: [ViaVersion] ViaVersion will not function on the current protocol.
[17:23:28] [Craft Scheduler Thread - 8/WARN]: Exception in thread "Craft Scheduler Thread - 8" 
[17:23:28] [Craft Scheduler Thread - 11/INFO]: [TitleManager] Searching for updates.
[17:23:28] [Craft Scheduler Thread - 8/WARN]: org.apache.commons.lang.UnhandledException: Plugin ChestShop v3.46 generated an exception while executing task 80
	at org.bukkit.craftbukkit.v1_10_R1.scheduler.CraftAsyncTask.run(CraftAsyncTask.java:56)
	at java.util.concurrent.ThreadPoolExecutor.runWorker(Unknown Source)
	at java.util.concurrent.ThreadPoolExecutor$Worker.run(Unknown Source)
	at java.lang.Thread.run(Unknown Source)
Caused by: java.lang.NoSuchMethodError: org.bukkit.Server.getOnlinePlayers()[Lorg/bukkit/entity/Player;
	at com.Acrobot.ChestShop.Metrics.postPlugin(Metrics.java:229)
	at com.Acrobot.ChestShop.Metrics.access$300(Metrics.java:17)
	at com.Acrobot.ChestShop.Metrics$1.run(Metrics.java:138)
	at org.bukkit.craftbukkit.v1_10_R1.scheduler.CraftTask.run(CraftTask.java:71)
	at org.bukkit.craftbukkit.v1_10_R1.scheduler.CraftAsyncTask.run(CraftAsyncTask.java:53)
	... 3 more

[17:23:28] [Craft Scheduler Thread - 5/WARN]: Exception in thread "Craft Scheduler Thread - 5" 
[17:23:28] [Craft Scheduler Thread - 5/WARN]: org.apache.commons.lang.UnhandledException: Plugin LWC v4.3.1 (b767-git-MANUAL) (November 15, 2012) generated an exception while executing task 7
	at org.bukkit.craftbukkit.v1_10_R1.scheduler.CraftAsyncTask.run(CraftAsyncTask.java:56)
	at java.util.concurrent.ThreadPoolExecutor.runWorker(Unknown Source)
	at java.util.concurrent.ThreadPoolExecutor$Worker.run(Unknown Source)
	at java.lang.Thread.run(Unknown Source)
Caused by: java.lang.NoSuchMethodError: org.bukkit.Server.getOnlinePlayers()[Lorg/bukkit/entity/Player;
	at com.griefcraft.util.Metrics.postPlugin(Metrics.java:346)
	at com.griefcraft.util.Metrics.access$400(Metrics.java:68)
	at com.griefcraft.util.Metrics$1.run(Metrics.java:238)
	at org.bukkit.craftbukkit.v1_10_R1.scheduler.CraftTask.run(CraftTask.java:71)
	at org.bukkit.craftbukkit.v1_10_R1.scheduler.CraftAsyncTask.run(CraftAsyncTask.java:53)
	... 3 more

[17:23:28] [Craft Scheduler Thread - 19/INFO]: [Marriage] Purged 0 player entries in 16ms
[17:23:28] [Craft Scheduler Thread - 27/INFO]: [NoCheatPlus] Added hook: AllViolations(NCP) [1.0].
[17:23:28] [Craft Scheduler Thread - 13/INFO]: [Vault] Checking for Updates ... 
[17:23:28] [Craft Scheduler Thread - 18/WARN]: [Fatal Error] :1:1: Premature end of file.

[17:23:28] [Craft Scheduler Thread - 13/INFO]: [Vault] No new version available
[17:23:28] [Craft Scheduler Thread - 11/INFO]: [TitleManager] An update was found!
[17:23:28] [Craft Scheduler Thread - 10/INFO]: [0;36;1m[ItemFixer] [0;31;22mНе удалось проверить обновление [0;33;1m:( [0;37;22m// [0;31;22mCan't check update[m
[17:23:28] [Craft Scheduler Thread - 10/INFO]: [0;36;1m[ItemFixer] [0;33;1mНапишите ошибку ниже сюда: [0;31;1mhttp://rubukkit.org/threads/119485[m
[17:23:28] [Craft Scheduler Thread - 10/WARN]: [ItemFixer] Ошибка: 
java.io.FileNotFoundException: http://151.80.108.152/version.txt
	at sun.net.www.protocol.http.HttpURLConnection.getInputStream0(Unknown Source) ~[?:1.8.0_74]
	at sun.net.www.protocol.http.HttpURLConnection.getInputStream(Unknown Source) ~[?:1.8.0_74]
	at java.net.URL.openStream(Unknown Source) ~[?:1.8.0_74]
	at ru.xtime.nbtfix.Main.run(Main.java:287) [ItemFixer.jar:?]
	at org.bukkit.craftbukkit.v1_10_R1.scheduler.CraftTask.run(CraftTask.java:71) [spigot.jar:git-Spigot-f9671b8-4d87c34]
	at org.bukkit.craftbukkit.v1_10_R1.scheduler.CraftAsyncTask.run(CraftAsyncTask.java:53) [spigot.jar:git-Spigot-f9671b8-4d87c34]
	at java.util.concurrent.ThreadPoolExecutor.runWorker(Unknown Source) [?:1.8.0_74]
	at java.util.concurrent.ThreadPoolExecutor$Worker.run(Unknown Source) [?:1.8.0_74]
	at java.lang.Thread.run(Unknown Source) [?:1.8.0_74]
[17:23:29] [Server thread/WARN]: [ViaVersion] There is a newer version available: 1.0.3
[17:23:31] [Server thread/INFO]:  
[0;31;1m#------------------- Chest Commands Errors -------------------#
[0;37;22m1) [0;37;1mThe icon "27" in the menu "menu.yml is overriding another icon with the same position.
[0;31;1m#-------------------------------------------------------------#[m
[17:28:30] [Server thread/INFO]: [0;31;22m[Уборщик] [0;31;1mМусор будет убран через [0;37;22m60 [0;31;1mсекунд![m
[17:29:00] [Server thread/INFO]: [0;31;22m[Уборщик] [0;31;1mМусор будет убран через [0;37;22m30 [0;31;1mсекунд![m
[17:29:10] [Server thread/INFO]: [0;31;22m[Уборщик] [0;31;1mМусор будет убран через [0;37;22m20 [0;31;1mсекунд![m
[17:29:20] [Server thread/INFO]: [0;31;22m[Уборщик] [0;31;1mМусор будет убран через [0;37;22m10 [0;31;1mсекунд![m
[17:29:25] [Server thread/INFO]: [0;31;22m[Уборщик] [0;31;1mМусор будет убран через [0;37;22m5 [0;31;1mсекунд![m
[17:29:26] [Server thread/INFO]: [0;31;22m[Уборщик] [0;31;1mМусор будет убран через [0;37;22m4 [0;31;1mсекунд![m
[17:29:27] [Server thread/INFO]: [0;31;22m[Уборщик] [0;31;1mМусор будет убран через [0;37;22m3 [0;31;1mсекунд![m
[17:29:28] [Server thread/INFO]: [0;31;22m[Уборщик] [0;31;1mМусор будет убран через [0;37;22m2 [0;31;1mсекунд![m
[17:29:29] [Server thread/INFO]: [0;31;22m[Уборщик] [0;31;1mМусор будет убран через [0;37;22m1 [0;31;1mсекунд![m
[17:33:30] [Craft Scheduler Thread - 32/WARN]: Exception in thread "Craft Scheduler Thread - 32" 
[17:33:30] [Craft Scheduler Thread - 32/WARN]: org.apache.commons.lang.UnhandledException: Plugin LWC v4.3.1 (b767-git-MANUAL) (November 15, 2012) generated an exception while executing task 7
	at org.bukkit.craftbukkit.v1_10_R1.scheduler.CraftAsyncTask.run(CraftAsyncTask.java:56)
	at java.util.concurrent.ThreadPoolExecutor.runWorker(Unknown Source)
	at java.util.concurrent.ThreadPoolExecutor$Worker.run(Unknown Source)
	at java.lang.Thread.run(Unknown Source)
Caused by: java.lang.NoSuchMethodError: org.bukkit.Server.getOnlinePlayers()[Lorg/bukkit/entity/Player;
	at com.griefcraft.util.Metrics.postPlugin(Metrics.java:346)
	at com.griefcraft.util.Metrics.access$400(Metrics.java:68)
	at com.griefcraft.util.Metrics$1.run(Metrics.java:238)
	at org.bukkit.craftbukkit.v1_10_R1.scheduler.CraftTask.run(CraftTask.java:71)
	at org.bukkit.craftbukkit.v1_10_R1.scheduler.CraftAsyncTask.run(CraftAsyncTask.java:53)
	... 3 more

[17:33:30] [Craft Scheduler Thread - 38/WARN]: Exception in thread "Craft Scheduler Thread - 38" 
[17:33:30] [Craft Scheduler Thread - 38/WARN]: org.apache.commons.lang.UnhandledException: Plugin ChestShop v3.46 generated an exception while executing task 80
	at org.bukkit.craftbukkit.v1_10_R1.scheduler.CraftAsyncTask.run(CraftAsyncTask.java:56)
	at java.util.concurrent.ThreadPoolExecutor.runWorker(Unknown Source)
	at java.util.concurrent.ThreadPoolExecutor$Worker.run(Unknown Source)
	at java.lang.Thread.run(Unknown Source)
Caused by: java.lang.NoSuchMethodError: org.bukkit.Server.getOnlinePlayers()[Lorg/bukkit/entity/Player;
	at com.Acrobot.ChestShop.Metrics.postPlugin(Metrics.java:229)
	at com.Acrobot.ChestShop.Metrics.access$300(Metrics.java:17)
	at com.Acrobot.ChestShop.Metrics$1.run(Metrics.java:138)
	at org.bukkit.craftbukkit.v1_10_R1.scheduler.CraftTask.run(CraftTask.java:71)
	at org.bukkit.craftbukkit.v1_10_R1.scheduler.CraftAsyncTask.run(CraftAsyncTask.java:53)
	... 3 more

[17:34:31] [Server thread/INFO]: [0;31;22m[Уборщик] [0;31;1mМусор будет убран через [0;37;22m60 [0;31;1mсекунд![m
[17:35:01] [Server thread/INFO]: [0;31;22m[Уборщик] [0;31;1mМусор будет убран через [0;37;22m30 [0;31;1mсекунд![m
[17:35:11] [Server thread/INFO]: [0;31;22m[Уборщик] [0;31;1mМусор будет убран через [0;37;22m20 [0;31;1mсекунд![m
[17:35:21] [Server thread/INFO]: [0;31;22m[Уборщик] [0;31;1mМусор будет убран через [0;37;22m10 [0;31;1mсекунд![m
[17:35:26] [Server thread/INFO]: [0;31;22m[Уборщик] [0;31;1mМусор будет убран через [0;37;22m5 [0;31;1mсекунд![m
[17:35:27] [Server thread/INFO]: [0;31;22m[Уборщик] [0;31;1mМусор будет убран через [0;37;22m4 [0;31;1mсекунд![m
[17:35:28] [Server thread/INFO]: [0;31;22m[Уборщик] [0;31;1mМусор будет убран через [0;37;22m3 [0;31;1mсекунд![m
[17:35:29] [Server thread/INFO]: [0;31;22m[Уборщик] [0;31;1mМусор будет убран через [0;37;22m2 [0;31;1mсекунд![m
[17:35:30] [Server thread/INFO]: [0;31;22m[Уборщик] [0;31;1mМусор будет убран через [0;37;22m1 [0;31;1mсекунд![m
[17:38:07] [AutoSaveWorld AutoSaveThread/INFO]: [0;37;22mСохраняем карту...[m
[17:38:07] [AutoSaveWorld AutoSaveThread/INFO]: [0;37;22mСохранение завершено[m
[17:38:31] [Craft Scheduler Thread - 41/INFO]: [0;36;1m[ItemFixer] [0;31;22mНе удалось проверить обновление [0;33;1m:( [0;37;22m// [0;31;22mCan't check update[m
[17:38:31] [Craft Scheduler Thread - 41/INFO]: [0;36;1m[ItemFixer] [0;33;1mНапишите ошибку ниже сюда: [0;31;1mhttp://rubukkit.org/threads/119485[m
[17:38:31] [Craft Scheduler Thread - 41/WARN]: [ItemFixer] Ошибка: 
java.io.FileNotFoundException: http://151.80.108.152/version.txt
	at sun.net.www.protocol.http.HttpURLConnection.getInputStream0(Unknown Source) ~[?:1.8.0_74]
	at sun.net.www.protocol.http.HttpURLConnection.getInputStream(Unknown Source) ~[?:1.8.0_74]
	at java.net.URL.openStream(Unknown Source) ~[?:1.8.0_74]
	at ru.xtime.nbtfix.Main.run(Main.java:287) [ItemFixer.jar:?]
	at org.bukkit.craftbukkit.v1_10_R1.scheduler.CraftTask.run(CraftTask.java:71) [spigot.jar:git-Spigot-f9671b8-4d87c34]
	at org.bukkit.craftbukkit.v1_10_R1.scheduler.CraftAsyncTask.run(CraftAsyncTask.java:53) [spigot.jar:git-Spigot-f9671b8-4d87c34]
	at java.util.concurrent.ThreadPoolExecutor.runWorker(Unknown Source) [?:1.8.0_74]
	at java.util.concurrent.ThreadPoolExecutor$Worker.run(Unknown Source) [?:1.8.0_74]
	at java.lang.Thread.run(Unknown Source) [?:1.8.0_74]
[17:39:39] [LoginProcessingThread/INFO]: UUID of player Fhavyre is 85136f24-357f-3898-ae13-0043e8d7a7be
[17:39:40] [Server thread/ERROR]: Could not pass event PlayerJoinEvent to AppleJoin v1.0
org.bukkit.event.EventException
	at org.bukkit.plugin.java.JavaPluginLoader$1.execute(JavaPluginLoader.java:306) ~[spigot.jar:git-Spigot-f9671b8-4d87c34]
	at org.bukkit.plugin.RegisteredListener.callEvent(RegisteredListener.java:62) ~[spigot.jar:git-Spigot-f9671b8-4d87c34]
	at org.bukkit.plugin.SimplePluginManager.fireEvent(SimplePluginManager.java:502) [spigot.jar:git-Spigot-f9671b8-4d87c34]
	at org.bukkit.plugin.SimplePluginManager.callEvent(SimplePluginManager.java:487) [spigot.jar:git-Spigot-f9671b8-4d87c34]
	at net.minecraft.server.v1_10_R1.PlayerList.onPlayerJoin(PlayerList.java:333) [spigot.jar:git-Spigot-f9671b8-4d87c34]
	at net.minecraft.server.v1_10_R1.PlayerList.a(PlayerList.java:159) [spigot.jar:git-Spigot-f9671b8-4d87c34]
	at protocolsupport.protocol.packet.handler.AbstractLoginListener.b(AbstractLoginListener.java:159) [ProtocolSupport.jar:?]
	at protocolsupport.protocol.packet.handler.AbstractLoginListener.E_(AbstractLoginListener.java:103) [ProtocolSupport.jar:?]
	at net.minecraft.server.v1_10_R1.NetworkManager.a(NetworkManager.java:233) [spigot.jar:git-Spigot-f9671b8-4d87c34]
	at net.minecraft.server.v1_10_R1.ServerConnection.c(ServerConnection.java:140) [spigot.jar:git-Spigot-f9671b8-4d87c34]
	at net.minecraft.server.v1_10_R1.MinecraftServer.D(MinecraftServer.java:827) [spigot.jar:git-Spigot-f9671b8-4d87c34]
	at net.minecraft.server.v1_10_R1.DedicatedServer.D(DedicatedServer.java:400) [spigot.jar:git-Spigot-f9671b8-4d87c34]
	at net.minecraft.server.v1_10_R1.MinecraftServer.C(MinecraftServer.java:668) [spigot.jar:git-Spigot-f9671b8-4d87c34]
	at net.minecraft.server.v1_10_R1.MinecraftServer.run(MinecraftServer.java:567) [spigot.jar:git-Spigot-f9671b8-4d87c34]
	at java.lang.Thread.run(Unknown Source) [?:1.8.0_74]
Caused by: java.lang.NoSuchMethodError: org.bukkit.Bukkit.getOnlinePlayers()[Lorg/bukkit/entity/Player;
	at saharnooby.applejoin.AppleJoin.onPlayerJoin(AppleJoin.java:122) ~[?:?]
	at sun.reflect.NativeMethodAccessorImpl.invoke0(Native Method) ~[?:1.8.0_74]
	at sun.reflect.NativeMethodAccessorImpl.invoke(Unknown Source) ~[?:1.8.0_74]
	at sun.reflect.DelegatingMethodAccessorImpl.invoke(Unknown Source) ~[?:1.8.0_74]
	at java.lang.reflect.Method.invoke(Unknown Source) ~[?:1.8.0_74]
	at org.bukkit.plugin.java.JavaPluginLoader$1.execute(JavaPluginLoader.java:302) ~[spigot.jar:git-Spigot-f9671b8-4d87c34]
	... 14 more
[17:39:40] [Server thread/INFO]: [Passport] Player Fhavyre loaded!
[17:39:41] [Server thread/INFO]: Fhavyre[/25.39.230.76:45652] logged in with entity id 361 at ([world]-1033.9443218341999, 63.0, -237.7703683892934)
[17:39:41] [Server thread/WARN]: [AuthMe] Task #132 for AuthMe v3.4 generated an exception
java.lang.NoSuchMethodError: org.bukkit.Server.getOnlinePlayers()[Lorg/bukkit/entity/Player;
	at fr.xephi.authme.task.MessageTask.run(MessageTask.java:30) ~[?:?]
	at org.bukkit.craftbukkit.v1_10_R1.scheduler.CraftTask.run(CraftTask.java:71) ~[spigot.jar:git-Spigot-f9671b8-4d87c34]
	at org.bukkit.craftbukkit.v1_10_R1.scheduler.CraftScheduler.mainThreadHeartbeat(CraftScheduler.java:350) [spigot.jar:git-Spigot-f9671b8-4d87c34]
	at net.minecraft.server.v1_10_R1.MinecraftServer.D(MinecraftServer.java:723) [spigot.jar:git-Spigot-f9671b8-4d87c34]
	at net.minecraft.server.v1_10_R1.DedicatedServer.D(DedicatedServer.java:400) [spigot.jar:git-Spigot-f9671b8-4d87c34]
	at net.minecraft.server.v1_10_R1.MinecraftServer.C(MinecraftServer.java:668) [spigot.jar:git-Spigot-f9671b8-4d87c34]
	at net.minecraft.server.v1_10_R1.MinecraftServer.run(MinecraftServer.java:567) [spigot.jar:git-Spigot-f9671b8-4d87c34]
	at java.lang.Thread.run(Unknown Source) [?:1.8.0_74]
[17:39:43] [Server thread/INFO]: Stopping the server
[17:39:43] [Server thread/INFO]: Stopping server
[17:39:43] [Server thread/INFO]: [ChatGuard] Disabling ChatGuard v7.4
[17:39:43] [Server thread/INFO]: [AuthMe] Disabling AuthMe v3.4
[17:39:43] [Server thread/ERROR]: Error occurred while disabling AuthMe v3.4 (Is it up to date?)
java.lang.NoSuchMethodError: org.bukkit.Bukkit.getOnlinePlayers()[Lorg/bukkit/entity/Player;
	at fr.xephi.authme.AuthMe.onDisable(AuthMe.java:475) ~[?:?]
	at org.bukkit.plugin.java.JavaPlugin.setEnabled(JavaPlugin.java:294) ~[spigot.jar:git-Spigot-f9671b8-4d87c34]
	at org.bukkit.plugin.java.JavaPluginLoader.disablePlugin(JavaPluginLoader.java:361) [spigot.jar:git-Spigot-f9671b8-4d87c34]
	at org.bukkit.plugin.SimplePluginManager.disablePlugin(SimplePluginManager.java:424) [spigot.jar:git-Spigot-f9671b8-4d87c34]
	at org.bukkit.plugin.SimplePluginManager.disablePlugins(SimplePluginManager.java:417) [spigot.jar:git-Spigot-f9671b8-4d87c34]
	at org.bukkit.craftbukkit.v1_10_R1.CraftServer.disablePlugins(CraftServer.java:342) [spigot.jar:git-Spigot-f9671b8-4d87c34]
	at net.minecraft.server.v1_10_R1.MinecraftServer.stop(MinecraftServer.java:455) [spigot.jar:git-Spigot-f9671b8-4d87c34]
	at net.minecraft.server.v1_10_R1.MinecraftServer.run(MinecraftServer.java:603) [spigot.jar:git-Spigot-f9671b8-4d87c34]
	at java.lang.Thread.run(Unknown Source) [?:1.8.0_74]
[17:39:43] [Server thread/INFO]: [ChestShop] Disabling ChestShop v3.46
[17:39:43] [Server thread/INFO]: [UralClans2] Disabling UralClans2 v2.2.8
[17:39:43] [Server thread/INFO]: [0;32;1m[UralClans2] [0;32;1mПлагин выключен.[m
[17:39:43] [Server thread/INFO]: [ChatEx] Disabling ChatEx v1.3
[17:39:43] [Server thread/INFO]: [ChatEx] is now disabled!
[17:39:43] [Server thread/INFO]: [BuyRegion] Disabling BuyRegion v1.1.7
[17:39:43] [Server thread/INFO]: [WGExtender] Disabling WGExtender v1.0
[17:39:43] [Server thread/ERROR]: [WGExtender] Unable to uninject, shutting down
[17:39:43] [Server thread/WARN]: java.lang.ClassCastException: com.sk89q.bukkit.util.DynamicPluginCommand cannot be cast to wgextender.features.extendedwand.WEWandCommandWrapper
[17:39:43] [Server thread/WARN]: 	at wgextender.features.extendedwand.WEWandCommandWrapper.uninject(WEWandCommandWrapper.java:38)
[17:39:43] [Server thread/WARN]: 	at wgextender.WGExtender.onDisable(WGExtender.java:103)
[17:39:43] [Server thread/WARN]: 	at org.bukkit.plugin.java.JavaPlugin.setEnabled(JavaPlugin.java:294)
[17:39:43] [Server thread/WARN]: 	at org.bukkit.plugin.java.JavaPluginLoader.disablePlugin(JavaPluginLoader.java:361)
[17:39:43] [Server thread/WARN]: 	at org.bukkit.plugin.SimplePluginManager.disablePlugin(SimplePluginManager.java:424)
[17:39:43] [Server thread/WARN]: 	at org.bukkit.plugin.SimplePluginManager.disablePlugins(SimplePluginManager.java:417)
[17:39:43] [Server thread/WARN]: 	at org.bukkit.craftbukkit.v1_10_R1.CraftServer.disablePlugins(CraftServer.java:342)
[17:39:43] [Server thread/WARN]: 	at net.minecraft.server.v1_10_R1.MinecraftServer.stop(MinecraftServer.java:455)
[17:39:43] [Server thread/WARN]: 	at net.minecraft.server.v1_10_R1.MinecraftServer.run(MinecraftServer.java:603)
[17:39:43] [Server thread/WARN]: 	at java.lang.Thread.run(Unknown Source)
[17:39:43] [Server thread/INFO]: [ColoredTags] Disabling ColoredTags v2.1.3
[17:39:43] [Server thread/INFO]: [ScoreboardStats] Disabling ScoreboardStats v0.9.11
[17:39:43] [Server thread/INFO]: [ScoreboardStats] Now saving the stats to the database. This could take a while.
[17:39:43] [Server thread/INFO]: [Jobs] Disabling Jobs v3.5.7
[17:39:43] [Jobs-DatabaseSaveTask/INFO]: [0;33;1m[Jobs] Database save task shutdown![m
[17:39:43] [Server thread/INFO]: [0;33;1m[Jobs] [0;32;22mPlugin has been disabled succesfully.[m
[17:39:43] [Jobs-BufferedPaymentThread/INFO]: [0;33;1m[Jobs] Buffered payment thread shutdown.[m
[17:39:43] [Server thread/INFO]: [ChangeSkin] Disabling ChangeSkin v2.3.2
[17:39:43] [Server thread/INFO]: [Timeismoney] Disabling Timeismoney v1.3
[17:39:43] [Server thread/INFO]: Timeismoney is now disabled
[17:39:43] [Server thread/INFO]: [BlockVersion] Disabling BlockVersion v1.2
[17:39:43] [Server thread/INFO]: [TitleManager] Disabling TitleManager v1.5.12
[17:39:43] [Server thread/INFO]: [EssentialsSpawn] Disabling EssentialsSpawn vTeamCity
[17:39:43] [Server thread/INFO]: [RandomPort] Disabling RandomPort v3.0
[17:39:43] [Server thread/INFO]: RandomPort has been disabled.
[17:39:43] [Server thread/INFO]: [ChestCommands] Disabling ChestCommands v3.1.4
[17:39:43] [Server thread/INFO]: [WorldGuard] Disabling WorldGuard v6.1.1-SNAPSHOT
[17:39:43] [Server thread/INFO]: [WorldGuard] Shutting down executor and waiting for any pending tasks...
[17:39:43] [Server thread/INFO]: [Marriage] Disabling Marriage v2.0.13
[17:39:43] [Server thread/INFO]: [Marriage] Loading database...
[17:39:44] [Server thread/INFO]: [Marriage] Plugin has been completely disabled.
[17:39:44] [Server thread/INFO]: [AntiRelog] Disabling AntiRelog v1.3.2
[17:39:44] [Server thread/INFO]: [LWC] Disabling LWC v4.3.1 (b767-git-MANUAL) (November 15, 2012)
[17:39:44] [Server thread/INFO]: [LWC] Flushing protection updates (0)
[17:39:44] [Server thread/INFO]: [KillerMoney] Disabling KillerMoney v2.1
[17:39:44] [Server thread/INFO]: [KillerMoney] Disabled!
[17:39:44] [Server thread/INFO]: [HolographicDisplays] Disabling HolographicDisplays v2.2
[17:39:44] [Server thread/INFO]: [DonateJoin] Disabling DonateJoin v1.0
[17:39:44] [Server thread/INFO]: [DonateJoin] отключён!
[17:39:44] [Server thread/INFO]: [ProtocolSupport] Disabling ProtocolSupport v4.24
[17:39:44] [Server thread/INFO]: [Vault] Disabling Vault v1.5.6-b49
[17:39:44] [Server thread/INFO]: [Essentials] Payment method was disabled. No longer accepting payments.
[17:39:44] [Server thread/INFO]: [NoFlyPvp] Disabling NoFlyPvp v1.1.4
[17:39:44] [Server thread/INFO]: [NoFlyPvp] Disabled
[17:39:44] [Server thread/INFO]: [PermissionsEx] Disabling PermissionsEx v1.23.4
[17:39:44] [Server thread/INFO]: WEPIF: PermissionsEx detected! Using PermissionsEx for permissions.
[17:39:44] [Server thread/INFO]: [iConomy] Disabling iConomy v7.0
[17:39:44] [Server thread/INFO]: Essentials: Using config file enhanced permissions.
[17:39:44] [Server thread/INFO]: Permissions listed in as player-commands will be given to all users.
[17:39:44] [Server thread/INFO]: [iConomy] Closing general data...
[17:39:44] [Server thread/INFO]: [iConomy] Disabled. (0 ms)
[17:39:44] [Server thread/INFO]: [ItemCases] Disabling ItemCases v1.5.1
[17:39:44] [Server thread/INFO]: [OPSRegion] Disabling OPSRegion v1.0
[17:39:44] [Server thread/INFO]: [Death_Messages_Plus] Disabling Death_Messages_Plus v1.05
[17:39:44] [Server thread/INFO]: Death_Messages_Plus Has been disabled D:
[17:39:44] [Server thread/INFO]: [gwm_Library] Disabling GWMLibrary v1.5
[17:39:44] [Server thread/INFO]: [gwm_Library] GWM Bukkit Library disabled!
[17:39:44] [Server thread/INFO]: [ItemFixer] Disabling ItemFixer v2.6.3
[17:39:44] [Server thread/INFO]: [NoCheatPlus] Disabling NoCheatPlus v3.15.0-SNAPSHOT-sMD5NET-b1022
[17:39:44] [Server thread/INFO]: [NoCheatPlus] Removed hook: AllViolations(NCP) [1.0].
[17:39:44] [Server thread/INFO]: Version 3.15.0-SNAPSHOT-sMD5NET-b1022 is disabled.
[17:39:44] [Server thread/INFO]: [AutoSaveWorld] Disabling AutoSaveWorld v4.15.dev
[17:39:44] [Server thread/INFO]: [0;37;22mСохраняем карту...[m
[17:39:44] [Server thread/INFO]: [0;37;22mСохранение завершено[m
[17:39:48] [Server thread/INFO]: [MCCore] Disabling MCCore v1.58
[17:39:48] [Server thread/INFO]: [ProtocolLib] Disabling ProtocolLib v4.1.0-SNAPSHOT-b320
[17:39:48] [Server thread/INFO]: [ColorHelp] Disabling ColorHelp v1.2
[17:39:48] [Server thread/INFO]: [ColorHelp] Plugin successfully stopped!
[17:39:48] [Server thread/INFO]: [WorldBorder] Disabling WorldBorder v1.8.4
[17:39:48] [Server thread/INFO]: [WorldBorder] [CONFIG] Border-checking timed task stopped.
[17:39:48] [Server thread/INFO]: [MultiMOTD] Disabling MultiMOTD v1.2.2
[17:39:48] [Server thread/INFO]: [CreativeLimiter] Disabling CreativeLimiter v1.0
[17:39:48] [Server thread/INFO]: [Chairs] Disabling Chairs v4.9
[17:39:48] [Server thread/INFO]: [Passport] Disabling Passport v1.0
[17:39:48] [Server thread/INFO]: [Passport] File Fhavyre.yml saved!
[17:39:48] [Server thread/INFO]: [Passport] Player Fhavyre unloaded!
[17:39:48] [Server thread/INFO]: [AutoMessage] Disabling AutoMessage v2.5.5
[17:39:48] [Server thread/INFO]: [ClearLag] Disabling ClearLag v2.9.3
[17:39:48] [Server thread/INFO]: [ClearLag] Clearlag is now disabled!
[17:39:48] [Server thread/INFO]: [SimpleDupe] Disabling SimpleDupe v1.0
[17:39:48] [Server thread/INFO]: [Essentials] Disabling Essentials vTeamCity
[17:39:48] [Server thread/INFO]: [OpenInv] Disabling OpenInv v3.0.6
[17:39:48] [Server thread/INFO]: [HealthBar] Disabling HealthBar v1.8.1
[17:39:48] [Server thread/INFO]: HealthBar disabled, all the health bars have been removed.
[17:39:48] [Server thread/INFO]: [TimTheEnchanter] Disabling TimTheEnchanter v2.0
[17:39:48] [Server thread/INFO]: [Tim] I *warned* you, but did you listen to me? Oh, no, you *knew*, didn't you? Oh, it's just a harmless little *bunny*, isn't it? 
[17:39:48] [Server thread/INFO]: [WorldEdit] Disabling WorldEdit v6.1;no_git_id
[17:39:48] [Server thread/INFO]: [SignColorz] Disabling SignColorz v1.2
[17:39:48] [Server thread/INFO]: [SignColorz] v1.2 disabled!
[17:39:48] [Server thread/INFO]: [HideStream] Disabling HideStream v3.8
[17:39:48] [Server thread/INFO]: [HideStream] Version 3.8 disabled.
[17:39:48] [Server thread/INFO]: [ViaVersion] Disabling ViaVersion v0.9.2
[17:39:48] [Server thread/INFO]: [ViaVersion] ViaVersion is disabling, if this is a reload it may not work.
[17:39:48] [Server thread/INFO]: [ServerProtector] Disabling ServerProtector v1.0
[17:39:48] [Server thread/INFO]: [GiftCode] Disabling GiftCode v1.3.1
[17:39:48] [Server thread/INFO]: [SkinsRestorer] Disabling SkinsRestorer v12.5.4
[17:39:48] [Server thread/INFO]: [DynPad] Disabling DynPad v1.5
[17:39:48] [Server thread/INFO]: [AppleJoin] Disabling AppleJoin v1.0
[17:39:48] [Server thread/INFO]: [AppleJoin] AppleJoin disabled.
[17:39:48] [Server thread/INFO]: [Administration_Panel] Disabling Administration_Panel v1.1.0
[17:39:48] [Server thread/INFO]: [0;37;22m[[0;36;1mAdministration[0;36;22mPanel[0;37;22m][0;37;1m: [0;31;1m[0;31;1mAdministration_Panel v1.1.0 has been disabled![m
[17:39:48] [Server thread/INFO]: [EmeraldDonation] Disabling EmeraldDonation v0.3
[17:39:48] [Server thread/INFO]: [sTablist] Disabling sTablist v2.4.8
[17:39:48] [Server thread/INFO]: Saving players
[17:39:48] [Server thread/INFO]: Fhavyre lost connection: §cСервер перезапускается
[17:39:48] [Server thread/INFO]: Fhavyre left the game
[17:39:48] [Server thread/INFO]: Saving worlds
[17:39:48] [Server thread/INFO]: Saving chunks for level 'world'/Overworld
[17:39:48] [Server thread/INFO]: Saving chunks for level 'world_nether'/Nether
[17:39:48] [Server thread/INFO]: Saving chunks for level 'world_the_end'/The End
